{"numTotalTestSuites":135,"numPassedTestSuites":118,"numFailedTestSuites":17,"numPendingTestSuites":0,"numTotalTests":382,"numPassedTests":365,"numFailedTests":17,"numPendingTests":0,"numTodoTests":0,"snapshot":{"added":0,"failure":false,"filesAdded":0,"filesRemoved":0,"filesRemovedList":[],"filesUnmatched":0,"filesUpdated":0,"matched":0,"total":0,"unchecked":0,"uncheckedKeysByFile":[],"unmatched":0,"updated":0,"didUpdate":false},"startTime":1772708483094,"success":false,"testResults":[{"assertionResults":[{"ancestorTitles":["AnalysisPage Pure Components (Dimensions 2, 3, 4)","Dimension 2: Error Handling"],"fullName":"AnalysisPage Pure Components (Dimensions 2, 3, 4) Dimension 2: Error Handling Displays ErrorDisplay correctly on catastrophic stream failure","status":"passed","title":"Displays ErrorDisplay correctly on catastrophic stream failure","duration":611.4238110000001,"failureMessages":[],"meta":{}},{"ancestorTitles":["AnalysisPage Pure Components (Dimensions 2, 3, 4)","Dimension 3: User Interaction (Cancel Flow)"],"fullName":"AnalysisPage Pure Components (Dimensions 2, 3, 4) Dimension 3: User Interaction (Cancel Flow) Shows Confirm/Keep Running buttons and triggers respective callbacks","status":"passed","title":"Shows Confirm/Keep Running buttons and triggers respective callbacks","duration":129.293271,"failureMessages":[],"meta":{}},{"ancestorTitles":["AnalysisPage Pure Components (Dimensions 2, 3, 4)","Dimension 4: Finalization and Metrics"],"fullName":"AnalysisPage Pure Components (Dimensions 2, 3, 4) Dimension 4: Finalization and Metrics Renders CompletionMatrix and final score correctly when complete","status":"passed","title":"Renders CompletionMatrix and final score correctly when complete","duration":207.636845,"failureMessages":[],"meta":{}}],"startTime":1772708485657,"endTime":1772708486605.637,"status":"passed","message":"","name":"/home/ashoksainiengineer/Desktop/anti-gravity/ai-pandit/apps/web/__tests__/AnalysisPage.test.tsx"},{"assertionResults":[{"ancestorTitles":["Dimension 1: AnalysisStatusBanner (State & Rendering)"],"fullName":"Dimension 1: AnalysisStatusBanner (State & Rendering) renders initialization state correctly","status":"failed","title":"renders initialization state correctly","duration":296.3119650000003,"failureMessages":["TestingLibraryElementError: Unable to find an element with the text: Initialization. This could be because the text is broken up by multiple elements. In this case, you can provide a function for your text matcher to make your matcher more flexible.\n\nIgnored nodes: comments, script, style\n\u001b[36m<body>\u001b[39m\n  \u001b[36m<div>\u001b[39m\n    \u001b[36m<div\u001b[39m\n      \u001b[33manimate\u001b[39m=\u001b[32m\"[object Object]\"\u001b[39m\n      \u001b[33mclass\u001b[39m=\u001b[32m\"bg-gradient-to-r from-[#B8860B]/10 via-[#B8860B]/5 to-transparent border-[#B8860B]/20 border rounded-xl p-4 sm:p-5\"\u001b[39m\n      \u001b[33minitial\u001b[39m=\u001b[32m\"[object Object]\"\u001b[39m\n    \u001b[36m>\u001b[39m\n      \u001b[36m<div\u001b[39m\n        \u001b[33mclass\u001b[39m=\u001b[32m\"flex flex-col sm:flex-row sm:items-center gap-4\"\u001b[39m\n      \u001b[36m>\u001b[39m\n        \u001b[36m<div\u001b[39m\n          \u001b[33mclass\u001b[39m=\u001b[32m\"flex items-center gap-3 flex-1\"\u001b[39m\n        \u001b[36m>\u001b[39m\n          \u001b[36m<div\u001b[39m\n            \u001b[33mclass\u001b[39m=\u001b[32m\"w-10 h-10 rounded-xl bg-[#B8860B]/20 flex items-center justify-center shrink-0\"\u001b[39m\n          \u001b[36m>\u001b[39m\n            \u001b[36m<div\u001b[39m\n              \u001b[33manimate\u001b[39m=\u001b[32m\"[object Object]\"\u001b[39m\n              \u001b[33mtransition\u001b[39m=\u001b[32m\"[object Object]\"\u001b[39m\n            \u001b[36m>\u001b[39m\n              \u001b[36m<svg\u001b[39m\n                \u001b[33mclass\u001b[39m=\u001b[32m\"lucide lucide-activity w-4 h-4\"\u001b[39m\n                \u001b[33mfill\u001b[39m=\u001b[32m\"none\"\u001b[39m\n                \u001b[33mheight\u001b[39m=\u001b[32m\"24\"\u001b[39m\n                \u001b[33mstroke\u001b[39m=\u001b[32m\"currentColor\"\u001b[39m\n                \u001b[33mstroke-linecap\u001b[39m=\u001b[32m\"round\"\u001b[39m\n                \u001b[33mstroke-linejoin\u001b[39m=\u001b[32m\"round\"\u001b[39m\n                \u001b[33mstroke-width\u001b[39m=\u001b[32m\"2\"\u001b[39m\n                \u001b[33mviewBox\u001b[39m=\u001b[32m\"0 0 24 24\"\u001b[39m\n                \u001b[33mwidth\u001b[39m=\u001b[32m\"24\"\u001b[39m\n                \u001b[33mxmlns\u001b[39m=\u001b[32m\"http://www.w3.org/2000/svg\"\u001b[39m\n              \u001b[36m>\u001b[39m\n                \u001b[36m<path\u001b[39m\n                  \u001b[33md\u001b[39m=\u001b[32m\"M22 12h-2.48a2 2 0 0 0-1.93 1.46l-2.35 8.36a.25.25 0 0 1-.48 0L9.24 2.18a.25.25 0 0 0-.48 0l-2.35 8.36A2 2 0 0 1 4.49 12H2\"\u001b[39m\n                \u001b[36m/>\u001b[39m\n              \u001b[36m</svg>\u001b[39m\n            \u001b[36m</div>\u001b[39m\n          \u001b[36m</div>\u001b[39m\n          \u001b[36m<div\u001b[39m\n            \u001b[33mclass\u001b[39m=\u001b[32m\"min-w-0\"\u001b[39m\n          \u001b[36m>\u001b[39m\n            \u001b[36m<div\u001b[39m\n              \u001b[33mclass\u001b[39m=\u001b[32m\"flex items-center gap-2 flex-wrap\"\u001b[39m\n            \u001b[36m>\u001b[39m\n              \u001b[36m<p\u001b[39m\n                \u001b[33mclass\u001b[39m=\u001b[32m\"font-bold text-[#1A1612] text-sm sm:text-base\"\u001b[39m\n              \u001b[36m>\u001b[39m\n                \u001b[0mInitialization: Engine Setup\u001b[0m\n              \u001b[36m</p>\u001b[39m\n              \u001b[36m<span\u001b[39m\n                \u001b[33mclass\u001b[39m=\u001b[32m\"text-[9px] px-2 py-0.5 rounded-full bg-[#184131]/10 text-[#184131] font-bold border border-[#184131]/20\"\u001b[39m\n              \u001b[36m>\u001b[39m\n                \u001b[0m🪐 \u001b[0m\n                \u001b[0mMeso Phase: Intermediate narrowing of candidate groups.\u001b[0m\n              \u001b[36m</span>\u001b[39m\n              \u001b[36m<span\u001b[39m\n                \u001b[33mclass\u001b[39m=\u001b[32m\"text-[10px] px-2 py-0.5 rounded-full bg-[#B8860B]/20 text-[#B8860B] font-bold\"\u001b[39m\n              \u001b[36m>\u001b[39m\n                \u001b[0mStep \u001b[0m\n                \u001b[0m1\u001b[0m\n                \u001b[0m of \u001b[0m\n                \u001b[0m7\u001b[0m\n              \u001b[36m</span>\u001b[39m\n            \u001b[36m</div>\u001b[39m\n            \u001b[36m<p\u001b[39m\n              \u001b[33mclass\u001b[39m=\u001b[32m\"text-xs sm:text-sm text-[#4A453F] mt-0.5 truncate\"\u001b[39m\n            \u001b[36m>\u001b[39m\n              \u001b[0mPreparing analysis engine and loading birth data\u001b[0m\n            \u001b[36m</p>\u001b[39m\n          \u001b[36m</div>\u001b[39m\n        \u001b[36m</div>\u001b[39m\n        \u001b[36m<div\u001b[39m\n          \u001b[33mclass\u001b[39m=\u001b[32m\"flex items-center gap-4 sm:gap-6 flex-wrap\"\u001b[39m\n        \u001b[36m>\u001b[39m\n          \u001b[36m<div\u001b[39m\n            \u001b[33mclass\u001b[39m=\u001b[32m\"flex items-center gap-2\"\u001b[39m\n          \u001b[36m>\u001b[39m\n            \u001b[36m<div\u001b[39m\n              \u001b[33mclass\u001b[39m=\u001b[32m\"w-2 h-2 rounded-full bg-[#184131] animate-pulse\"\u001b[39m\n            \u001b[36m/>\u001b[39m\n            \u001b[36m<span\u001b[39m\n              \u001b[33mclass\u001b[39m=\u001b[32m\"text-xs font-medium text-[#4A453F]\"\u001b[39m\n            \u001b[36m>\u001b[39m\n              \u001b[0mInference Active\u001b[0m\n            \u001b[36m</span>\u001b[39m\n          \u001b[36m</div>\u001b[39m\n          \u001b[36m<div\u001b[39m\n            \u001b[33mclass\u001b[39m=\u001b[32m\"text-center\"\u001b[39m\n          \u001b[36m>\u001b[39m\n            \u001b[36m<p\u001b[39m\n              \u001b[33mclass\u001b[39m=\u001b[32m\"text-[10px] text-[#7A756F] uppercase tracking-wider\"\u001b[39m\n            \u001b[36m>\u001b[39m\n              \u001b[0mInference\u001b[0m\n            \u001b[36m</p>\u001b[39m\n            \u001b[36m<p\u001b[39m\n              \u001b[33mclass\u001b[39m=\u001b[32m\"text-sm font-bold text-[#184131] font-mono\"\u001b[39m\n            \u001b[36m>\u001b[39m\n              \u001b[0m0.0\u001b[0m\n              \u001b[36m<span\u001b[39m\n                \u001b[33mclass\u001b[39m=\u001b[32m\"text-[8px] ml-0.5 opacity-60\"\u001b[39m\n              \u001b[36m>\u001b[39m\n                \u001b[0mc/s\u001b[0m\n              \u001b[36m</span>\u001b[39m\n            \u001b[36m</p>\u001b[39m\n            \u001b[36m<p\u001b[39m\n              \u001b[33mclass\u001b[39m=\u001b[32m\"text-[9px] text-[#B8860B] font-bold mt-0.5\"\u001b[39m\n            \u001b[36m>\u001b[39m\n              \u001b[0m0\u001b[0m\n              \u001b[0m \u001b[0m\n              \u001b[36m<span\u001b[39m\n                \u001b[33mclass\u001b[39m=\u001b[32m\"text-[7px] uppercase opacity-60\"\u001b[39m\n              \u001b[36m>\u001b[39m\n                \u001b[0mVariations\u001b[0m\n              \u001b[36m</span>\u001b[39m\n            \u001b[36m</p>\u001b[39m\n          \u001b[36m</div>\u001b[39m\n          \u001b[36m<div\u001b[39m\n            \u001b[33mclass\u001b[39m=\u001b[32m\"text-center\"\u001b[39m\n          \u001b[36m>\u001b[39m\n            \u001b[36m<p\u001b[39m\n              \u001b[33mclass\u001b[39m=\u001b[32m\"text-[10px] text-[#7A756F] uppercase tracking-wider\"\u001b[39m\n            \u001b[36m>\u001b[39m\n              \u001b[0mElapsed\u001b[0m\n            \u001b[36m</p>\u001b[39m\n            \u001b[36m<p\u001b[39m\n              \u001b[33mclass\u001b[39m=\u001b[32m\"text-sm font-bold text-[#1A1612] font-mono\"\u001b[39m\n            \u001b[36m>\u001b[39m\n              \u001b[0m00:00\u001b[0m\n            \u001b[36m</p>\u001b[39m\n          \u001b[36m</div>\u001b[39m\n        \u001b[36m</div>\u001b[39m\n      \u001b[36m</div>\u001b[39m\n    \u001b[36m</div>\u001b[39m\n  \u001b[36m</div>\u001b[39m\n\u001b[36m</body>\u001b[39m\n    at Object.getElementError (/home/ashoksainiengineer/Desktop/anti-gravity/ai-pandit/node_modules/@testing-library/dom/dist/config.js:37:19)\n    at /home/ashoksainiengineer/Desktop/anti-gravity/ai-pandit/node_modules/@testing-library/dom/dist/query-helpers.js:76:38\n    at /home/ashoksainiengineer/Desktop/anti-gravity/ai-pandit/node_modules/@testing-library/dom/dist/query-helpers.js:52:17\n    at /home/ashoksainiengineer/Desktop/anti-gravity/ai-pandit/node_modules/@testing-library/dom/dist/query-helpers.js:95:19\n    at /home/ashoksainiengineer/Desktop/anti-gravity/ai-pandit/apps/web/__tests__/AnalysisStatusBanner.test.tsx:45:23\n    at file:///home/ashoksainiengineer/Desktop/anti-gravity/ai-pandit/apps/web/node_modules/@vitest/runner/dist/index.js:145:11\n    at file:///home/ashoksainiengineer/Desktop/anti-gravity/ai-pandit/apps/web/node_modules/@vitest/runner/dist/index.js:915:26\n    at file:///home/ashoksainiengineer/Desktop/anti-gravity/ai-pandit/apps/web/node_modules/@vitest/runner/dist/index.js:1243:20\n    at new Promise (<anonymous>)\n    at runWithTimeout (file:///home/ashoksainiengineer/Desktop/anti-gravity/ai-pandit/apps/web/node_modules/@vitest/runner/dist/index.js:1209:10)","TestingLibraryElementError: Unable to find an element with the text: Initialization. This could be because the text is broken up by multiple elements. In this case, you can provide a function for your text matcher to make your matcher more flexible.\n\nIgnored nodes: comments, script, style\n\u001b[36m<body>\u001b[39m\n  \u001b[36m<div>\u001b[39m\n    \u001b[36m<div\u001b[39m\n      \u001b[33manimate\u001b[39m=\u001b[32m\"[object Object]\"\u001b[39m\n      \u001b[33mclass\u001b[39m=\u001b[32m\"bg-gradient-to-r from-[#B8860B]/10 via-[#B8860B]/5 to-transparent border-[#B8860B]/20 border rounded-xl p-4 sm:p-5\"\u001b[39m\n      \u001b[33minitial\u001b[39m=\u001b[32m\"[object Object]\"\u001b[39m\n    \u001b[36m>\u001b[39m\n      \u001b[36m<div\u001b[39m\n        \u001b[33mclass\u001b[39m=\u001b[32m\"flex flex-col sm:flex-row sm:items-center gap-4\"\u001b[39m\n      \u001b[36m>\u001b[39m\n        \u001b[36m<div\u001b[39m\n          \u001b[33mclass\u001b[39m=\u001b[32m\"flex items-center gap-3 flex-1\"\u001b[39m\n        \u001b[36m>\u001b[39m\n          \u001b[36m<div\u001b[39m\n            \u001b[33mclass\u001b[39m=\u001b[32m\"w-10 h-10 rounded-xl bg-[#B8860B]/20 flex items-center justify-center shrink-0\"\u001b[39m\n          \u001b[36m>\u001b[39m\n            \u001b[36m<div\u001b[39m\n              \u001b[33manimate\u001b[39m=\u001b[32m\"[object Object]\"\u001b[39m\n              \u001b[33mtransition\u001b[39m=\u001b[32m\"[object Object]\"\u001b[39m\n            \u001b[36m>\u001b[39m\n              \u001b[36m<svg\u001b[39m\n                \u001b[33mclass\u001b[39m=\u001b[32m\"lucide lucide-activity w-4 h-4\"\u001b[39m\n                \u001b[33mfill\u001b[39m=\u001b[32m\"none\"\u001b[39m\n                \u001b[33mheight\u001b[39m=\u001b[32m\"24\"\u001b[39m\n                \u001b[33mstroke\u001b[39m=\u001b[32m\"currentColor\"\u001b[39m\n                \u001b[33mstroke-linecap\u001b[39m=\u001b[32m\"round\"\u001b[39m\n                \u001b[33mstroke-linejoin\u001b[39m=\u001b[32m\"round\"\u001b[39m\n                \u001b[33mstroke-width\u001b[39m=\u001b[32m\"2\"\u001b[39m\n                \u001b[33mviewBox\u001b[39m=\u001b[32m\"0 0 24 24\"\u001b[39m\n                \u001b[33mwidth\u001b[39m=\u001b[32m\"24\"\u001b[39m\n                \u001b[33mxmlns\u001b[39m=\u001b[32m\"http://www.w3.org/2000/svg\"\u001b[39m\n              \u001b[36m>\u001b[39m\n                \u001b[36m<path\u001b[39m\n                  \u001b[33md\u001b[39m=\u001b[32m\"M22 12h-2.48a2 2 0 0 0-1.93 1.46l-2.35 8.36a.25.25 0 0 1-.48 0L9.24 2.18a.25.25 0 0 0-.48 0l-2.35 8.36A2 2 0 0 1 4.49 12H2\"\u001b[39m\n                \u001b[36m/>\u001b[39m\n              \u001b[36m</svg>\u001b[39m\n            \u001b[36m</div>\u001b[39m\n          \u001b[36m</div>\u001b[39m\n          \u001b[36m<div\u001b[39m\n            \u001b[33mclass\u001b[39m=\u001b[32m\"min-w-0\"\u001b[39m\n          \u001b[36m>\u001b[39m\n            \u001b[36m<div\u001b[39m\n              \u001b[33mclass\u001b[39m=\u001b[32m\"flex items-center gap-2 flex-wrap\"\u001b[39m\n            \u001b[36m>\u001b[39m\n              \u001b[36m<p\u001b[39m\n                \u001b[33mclass\u001b[39m=\u001b[32m\"font-bold text-[#1A1612] text-sm sm:text-base\"\u001b[39m\n              \u001b[36m>\u001b[39m\n                \u001b[0mInitialization: Engine Setup\u001b[0m\n              \u001b[36m</p>\u001b[39m\n              \u001b[36m<span\u001b[39m\n                \u001b[33mclass\u001b[39m=\u001b[32m\"text-[9px] px-2 py-0.5 rounded-full bg-[#184131]/10 text-[#184131] font-bold border border-[#184131]/20\"\u001b[39m\n              \u001b[36m>\u001b[39m\n                \u001b[0m🪐 \u001b[0m\n                \u001b[0mMeso Phase: Intermediate narrowing of candidate groups.\u001b[0m\n              \u001b[36m</span>\u001b[39m\n              \u001b[36m<span\u001b[39m\n                \u001b[33mclass\u001b[39m=\u001b[32m\"text-[10px] px-2 py-0.5 rounded-full bg-[#B8860B]/20 text-[#B8860B] font-bold\"\u001b[39m\n              \u001b[36m>\u001b[39m\n                \u001b[0mStep \u001b[0m\n                \u001b[0m1\u001b[0m\n                \u001b[0m of \u001b[0m\n                \u001b[0m7\u001b[0m\n              \u001b[36m</span>\u001b[39m\n            \u001b[36m</div>\u001b[39m\n            \u001b[36m<p\u001b[39m\n              \u001b[33mclass\u001b[39m=\u001b[32m\"text-xs sm:text-sm text-[#4A453F] mt-0.5 truncate\"\u001b[39m\n            \u001b[36m>\u001b[39m\n              \u001b[0mPreparing analysis engine and loading birth data\u001b[0m\n            \u001b[36m</p>\u001b[39m\n          \u001b[36m</div>\u001b[39m\n        \u001b[36m</div>\u001b[39m\n        \u001b[36m<div\u001b[39m\n          \u001b[33mclass\u001b[39m=\u001b[32m\"flex items-center gap-4 sm:gap-6 flex-wrap\"\u001b[39m\n        \u001b[36m>\u001b[39m\n          \u001b[36m<div\u001b[39m\n            \u001b[33mclass\u001b[39m=\u001b[32m\"flex items-center gap-2\"\u001b[39m\n          \u001b[36m>\u001b[39m\n            \u001b[36m<div\u001b[39m\n              \u001b[33mclass\u001b[39m=\u001b[32m\"w-2 h-2 rounded-full bg-[#184131] animate-pulse\"\u001b[39m\n            \u001b[36m/>\u001b[39m\n            \u001b[36m<span\u001b[39m\n              \u001b[33mclass\u001b[39m=\u001b[32m\"text-xs font-medium text-[#4A453F]\"\u001b[39m\n            \u001b[36m>\u001b[39m\n              \u001b[0mInference Active\u001b[0m\n            \u001b[36m</span>\u001b[39m\n          \u001b[36m</div>\u001b[39m\n          \u001b[36m<div\u001b[39m\n            \u001b[33mclass\u001b[39m=\u001b[32m\"text-center\"\u001b[39m\n          \u001b[36m>\u001b[39m\n            \u001b[36m<p\u001b[39m\n              \u001b[33mclass\u001b[39m=\u001b[32m\"text-[10px] text-[#7A756F] uppercase tracking-wider\"\u001b[39m\n            \u001b[36m>\u001b[39m\n              \u001b[0mInference\u001b[0m\n            \u001b[36m</p>\u001b[39m\n            \u001b[36m<p\u001b[39m\n              \u001b[33mclass\u001b[39m=\u001b[32m\"text-sm font-bold text-[#184131] font-mono\"\u001b[39m\n            \u001b[36m>\u001b[39m\n              \u001b[0m0.0\u001b[0m\n              \u001b[36m<span\u001b[39m\n                \u001b[33mclass\u001b[39m=\u001b[32m\"text-[8px] ml-0.5 opacity-60\"\u001b[39m\n              \u001b[36m>\u001b[39m\n                \u001b[0mc/s\u001b[0m\n              \u001b[36m</span>\u001b[39m\n            \u001b[36m</p>\u001b[39m\n            \u001b[36m<p\u001b[39m\n              \u001b[33mclass\u001b[39m=\u001b[32m\"text-[9px] text-[#B8860B] font-bold mt-0.5\"\u001b[39m\n            \u001b[36m>\u001b[39m\n              \u001b[0m0\u001b[0m\n              \u001b[0m \u001b[0m\n              \u001b[36m<span\u001b[39m\n                \u001b[33mclass\u001b[39m=\u001b[32m\"text-[7px] uppercase opacity-60\"\u001b[39m\n              \u001b[36m>\u001b[39m\n                \u001b[0mVariations\u001b[0m\n              \u001b[36m</span>\u001b[39m\n            \u001b[36m</p>\u001b[39m\n          \u001b[36m</div>\u001b[39m\n          \u001b[36m<div\u001b[39m\n            \u001b[33mclass\u001b[39m=\u001b[32m\"text-center\"\u001b[39m\n          \u001b[36m>\u001b[39m\n            \u001b[36m<p\u001b[39m\n              \u001b[33mclass\u001b[39m=\u001b[32m\"text-[10px] text-[#7A756F] uppercase tracking-wider\"\u001b[39m\n            \u001b[36m>\u001b[39m\n              \u001b[0mElapsed\u001b[0m\n            \u001b[36m</p>\u001b[39m\n            \u001b[36m<p\u001b[39m\n              \u001b[33mclass\u001b[39m=\u001b[32m\"text-sm font-bold text-[#1A1612] font-mono\"\u001b[39m\n            \u001b[36m>\u001b[39m\n              \u001b[0m00:00\u001b[0m\n            \u001b[36m</p>\u001b[39m\n          \u001b[36m</div>\u001b[39m\n        \u001b[36m</div>\u001b[39m\n      \u001b[36m</div>\u001b[39m\n    \u001b[36m</div>\u001b[39m\n  \u001b[36m</div>\u001b[39m\n\u001b[36m</body>\u001b[39m\n    at Object.getElementError (/home/ashoksainiengineer/Desktop/anti-gravity/ai-pandit/node_modules/@testing-library/dom/dist/config.js:37:19)\n    at /home/ashoksainiengineer/Desktop/anti-gravity/ai-pandit/node_modules/@testing-library/dom/dist/query-helpers.js:76:38\n    at /home/ashoksainiengineer/Desktop/anti-gravity/ai-pandit/node_modules/@testing-library/dom/dist/query-helpers.js:52:17\n    at /home/ashoksainiengineer/Desktop/anti-gravity/ai-pandit/node_modules/@testing-library/dom/dist/query-helpers.js:95:19\n    at /home/ashoksainiengineer/Desktop/anti-gravity/ai-pandit/apps/web/__tests__/AnalysisStatusBanner.test.tsx:45:23\n    at file:///home/ashoksainiengineer/Desktop/anti-gravity/ai-pandit/apps/web/node_modules/@vitest/runner/dist/index.js:145:11\n    at file:///home/ashoksainiengineer/Desktop/anti-gravity/ai-pandit/apps/web/node_modules/@vitest/runner/dist/index.js:915:26\n    at file:///home/ashoksainiengineer/Desktop/anti-gravity/ai-pandit/apps/web/node_modules/@vitest/runner/dist/index.js:1243:20\n    at new Promise (<anonymous>)\n    at runWithTimeout (file:///home/ashoksainiengineer/Desktop/anti-gravity/ai-pandit/apps/web/node_modules/@vitest/runner/dist/index.js:1209:10)","TestingLibraryElementError: Unable to find an element with the text: Initialization. This could be because the text is broken up by multiple elements. In this case, you can provide a function for your text matcher to make your matcher more flexible.\n\nIgnored nodes: comments, script, style\n\u001b[36m<body>\u001b[39m\n  \u001b[36m<div>\u001b[39m\n    \u001b[36m<div\u001b[39m\n      \u001b[33manimate\u001b[39m=\u001b[32m\"[object Object]\"\u001b[39m\n      \u001b[33mclass\u001b[39m=\u001b[32m\"bg-gradient-to-r from-[#B8860B]/10 via-[#B8860B]/5 to-transparent border-[#B8860B]/20 border rounded-xl p-4 sm:p-5\"\u001b[39m\n      \u001b[33minitial\u001b[39m=\u001b[32m\"[object Object]\"\u001b[39m\n    \u001b[36m>\u001b[39m\n      \u001b[36m<div\u001b[39m\n        \u001b[33mclass\u001b[39m=\u001b[32m\"flex flex-col sm:flex-row sm:items-center gap-4\"\u001b[39m\n      \u001b[36m>\u001b[39m\n        \u001b[36m<div\u001b[39m\n          \u001b[33mclass\u001b[39m=\u001b[32m\"flex items-center gap-3 flex-1\"\u001b[39m\n        \u001b[36m>\u001b[39m\n          \u001b[36m<div\u001b[39m\n            \u001b[33mclass\u001b[39m=\u001b[32m\"w-10 h-10 rounded-xl bg-[#B8860B]/20 flex items-center justify-center shrink-0\"\u001b[39m\n          \u001b[36m>\u001b[39m\n            \u001b[36m<div\u001b[39m\n              \u001b[33manimate\u001b[39m=\u001b[32m\"[object Object]\"\u001b[39m\n              \u001b[33mtransition\u001b[39m=\u001b[32m\"[object Object]\"\u001b[39m\n            \u001b[36m>\u001b[39m\n              \u001b[36m<svg\u001b[39m\n                \u001b[33mclass\u001b[39m=\u001b[32m\"lucide lucide-activity w-4 h-4\"\u001b[39m\n                \u001b[33mfill\u001b[39m=\u001b[32m\"none\"\u001b[39m\n                \u001b[33mheight\u001b[39m=\u001b[32m\"24\"\u001b[39m\n                \u001b[33mstroke\u001b[39m=\u001b[32m\"currentColor\"\u001b[39m\n                \u001b[33mstroke-linecap\u001b[39m=\u001b[32m\"round\"\u001b[39m\n                \u001b[33mstroke-linejoin\u001b[39m=\u001b[32m\"round\"\u001b[39m\n                \u001b[33mstroke-width\u001b[39m=\u001b[32m\"2\"\u001b[39m\n                \u001b[33mviewBox\u001b[39m=\u001b[32m\"0 0 24 24\"\u001b[39m\n                \u001b[33mwidth\u001b[39m=\u001b[32m\"24\"\u001b[39m\n                \u001b[33mxmlns\u001b[39m=\u001b[32m\"http://www.w3.org/2000/svg\"\u001b[39m\n              \u001b[36m>\u001b[39m\n                \u001b[36m<path\u001b[39m\n                  \u001b[33md\u001b[39m=\u001b[32m\"M22 12h-2.48a2 2 0 0 0-1.93 1.46l-2.35 8.36a.25.25 0 0 1-.48 0L9.24 2.18a.25.25 0 0 0-.48 0l-2.35 8.36A2 2 0 0 1 4.49 12H2\"\u001b[39m\n                \u001b[36m/>\u001b[39m\n              \u001b[36m</svg>\u001b[39m\n            \u001b[36m</div>\u001b[39m\n          \u001b[36m</div>\u001b[39m\n          \u001b[36m<div\u001b[39m\n            \u001b[33mclass\u001b[39m=\u001b[32m\"min-w-0\"\u001b[39m\n          \u001b[36m>\u001b[39m\n            \u001b[36m<div\u001b[39m\n              \u001b[33mclass\u001b[39m=\u001b[32m\"flex items-center gap-2 flex-wrap\"\u001b[39m\n            \u001b[36m>\u001b[39m\n              \u001b[36m<p\u001b[39m\n                \u001b[33mclass\u001b[39m=\u001b[32m\"font-bold text-[#1A1612] text-sm sm:text-base\"\u001b[39m\n              \u001b[36m>\u001b[39m\n                \u001b[0mInitialization: Engine Setup\u001b[0m\n              \u001b[36m</p>\u001b[39m\n              \u001b[36m<span\u001b[39m\n                \u001b[33mclass\u001b[39m=\u001b[32m\"text-[9px] px-2 py-0.5 rounded-full bg-[#184131]/10 text-[#184131] font-bold border border-[#184131]/20\"\u001b[39m\n              \u001b[36m>\u001b[39m\n                \u001b[0m🪐 \u001b[0m\n                \u001b[0mMeso Phase: Intermediate narrowing of candidate groups.\u001b[0m\n              \u001b[36m</span>\u001b[39m\n              \u001b[36m<span\u001b[39m\n                \u001b[33mclass\u001b[39m=\u001b[32m\"text-[10px] px-2 py-0.5 rounded-full bg-[#B8860B]/20 text-[#B8860B] font-bold\"\u001b[39m\n              \u001b[36m>\u001b[39m\n                \u001b[0mStep \u001b[0m\n                \u001b[0m1\u001b[0m\n                \u001b[0m of \u001b[0m\n                \u001b[0m7\u001b[0m\n              \u001b[36m</span>\u001b[39m\n            \u001b[36m</div>\u001b[39m\n            \u001b[36m<p\u001b[39m\n              \u001b[33mclass\u001b[39m=\u001b[32m\"text-xs sm:text-sm text-[#4A453F] mt-0.5 truncate\"\u001b[39m\n            \u001b[36m>\u001b[39m\n              \u001b[0mPreparing analysis engine and loading birth data\u001b[0m\n            \u001b[36m</p>\u001b[39m\n          \u001b[36m</div>\u001b[39m\n        \u001b[36m</div>\u001b[39m\n        \u001b[36m<div\u001b[39m\n          \u001b[33mclass\u001b[39m=\u001b[32m\"flex items-center gap-4 sm:gap-6 flex-wrap\"\u001b[39m\n        \u001b[36m>\u001b[39m\n          \u001b[36m<div\u001b[39m\n            \u001b[33mclass\u001b[39m=\u001b[32m\"flex items-center gap-2\"\u001b[39m\n          \u001b[36m>\u001b[39m\n            \u001b[36m<div\u001b[39m\n              \u001b[33mclass\u001b[39m=\u001b[32m\"w-2 h-2 rounded-full bg-[#184131] animate-pulse\"\u001b[39m\n            \u001b[36m/>\u001b[39m\n            \u001b[36m<span\u001b[39m\n              \u001b[33mclass\u001b[39m=\u001b[32m\"text-xs font-medium text-[#4A453F]\"\u001b[39m\n            \u001b[36m>\u001b[39m\n              \u001b[0mInference Active\u001b[0m\n            \u001b[36m</span>\u001b[39m\n          \u001b[36m</div>\u001b[39m\n          \u001b[36m<div\u001b[39m\n            \u001b[33mclass\u001b[39m=\u001b[32m\"text-center\"\u001b[39m\n          \u001b[36m>\u001b[39m\n            \u001b[36m<p\u001b[39m\n              \u001b[33mclass\u001b[39m=\u001b[32m\"text-[10px] text-[#7A756F] uppercase tracking-wider\"\u001b[39m\n            \u001b[36m>\u001b[39m\n              \u001b[0mInference\u001b[0m\n            \u001b[36m</p>\u001b[39m\n            \u001b[36m<p\u001b[39m\n              \u001b[33mclass\u001b[39m=\u001b[32m\"text-sm font-bold text-[#184131] font-mono\"\u001b[39m\n            \u001b[36m>\u001b[39m\n              \u001b[0m0.0\u001b[0m\n              \u001b[36m<span\u001b[39m\n                \u001b[33mclass\u001b[39m=\u001b[32m\"text-[8px] ml-0.5 opacity-60\"\u001b[39m\n              \u001b[36m>\u001b[39m\n                \u001b[0mc/s\u001b[0m\n              \u001b[36m</span>\u001b[39m\n            \u001b[36m</p>\u001b[39m\n            \u001b[36m<p\u001b[39m\n              \u001b[33mclass\u001b[39m=\u001b[32m\"text-[9px] text-[#B8860B] font-bold mt-0.5\"\u001b[39m\n            \u001b[36m>\u001b[39m\n              \u001b[0m0\u001b[0m\n              \u001b[0m \u001b[0m\n              \u001b[36m<span\u001b[39m\n                \u001b[33mclass\u001b[39m=\u001b[32m\"text-[7px] uppercase opacity-60\"\u001b[39m\n              \u001b[36m>\u001b[39m\n                \u001b[0mVariations\u001b[0m\n              \u001b[36m</span>\u001b[39m\n            \u001b[36m</p>\u001b[39m\n          \u001b[36m</div>\u001b[39m\n          \u001b[36m<div\u001b[39m\n            \u001b[33mclass\u001b[39m=\u001b[32m\"text-center\"\u001b[39m\n          \u001b[36m>\u001b[39m\n            \u001b[36m<p\u001b[39m\n              \u001b[33mclass\u001b[39m=\u001b[32m\"text-[10px] text-[#7A756F] uppercase tracking-wider\"\u001b[39m\n            \u001b[36m>\u001b[39m\n              \u001b[0mElapsed\u001b[0m\n            \u001b[36m</p>\u001b[39m\n            \u001b[36m<p\u001b[39m\n              \u001b[33mclass\u001b[39m=\u001b[32m\"text-sm font-bold text-[#1A1612] font-mono\"\u001b[39m\n            \u001b[36m>\u001b[39m\n              \u001b[0m00:00\u001b[0m\n            \u001b[36m</p>\u001b[39m\n          \u001b[36m</div>\u001b[39m\n        \u001b[36m</div>\u001b[39m\n      \u001b[36m</div>\u001b[39m\n    \u001b[36m</div>\u001b[39m\n  \u001b[36m</div>\u001b[39m\n\u001b[36m</body>\u001b[39m\n    at Object.getElementError (/home/ashoksainiengineer/Desktop/anti-gravity/ai-pandit/node_modules/@testing-library/dom/dist/config.js:37:19)\n    at /home/ashoksainiengineer/Desktop/anti-gravity/ai-pandit/node_modules/@testing-library/dom/dist/query-helpers.js:76:38\n    at /home/ashoksainiengineer/Desktop/anti-gravity/ai-pandit/node_modules/@testing-library/dom/dist/query-helpers.js:52:17\n    at /home/ashoksainiengineer/Desktop/anti-gravity/ai-pandit/node_modules/@testing-library/dom/dist/query-helpers.js:95:19\n    at /home/ashoksainiengineer/Desktop/anti-gravity/ai-pandit/apps/web/__tests__/AnalysisStatusBanner.test.tsx:45:23\n    at file:///home/ashoksainiengineer/Desktop/anti-gravity/ai-pandit/apps/web/node_modules/@vitest/runner/dist/index.js:145:11\n    at file:///home/ashoksainiengineer/Desktop/anti-gravity/ai-pandit/apps/web/node_modules/@vitest/runner/dist/index.js:915:26\n    at file:///home/ashoksainiengineer/Desktop/anti-gravity/ai-pandit/apps/web/node_modules/@vitest/runner/dist/index.js:1243:20\n    at new Promise (<anonymous>)\n    at runWithTimeout (file:///home/ashoksainiengineer/Desktop/anti-gravity/ai-pandit/apps/web/node_modules/@vitest/runner/dist/index.js:1209:10)"],"meta":{}},{"ancestorTitles":["Dimension 1: AnalysisStatusBanner (State & Rendering)"],"fullName":"Dimension 1: AnalysisStatusBanner (State & Rendering) updates stage details and phase indicators accurately based on offset","status":"failed","title":"updates stage details and phase indicators accurately based on offset","duration":97.58436900000015,"failureMessages":["TestingLibraryElementError: Unable to find an element with the text: Amsha-Varga Elimination. This could be because the text is broken up by multiple elements. In this case, you can provide a function for your text matcher to make your matcher more flexible.\n\nIgnored nodes: comments, script, style\n\u001b[36m<body>\u001b[39m\n  \u001b[36m<div>\u001b[39m\n    \u001b[36m<div\u001b[39m\n      \u001b[33manimate\u001b[39m=\u001b[32m\"[object Object]\"\u001b[39m\n      \u001b[33mclass\u001b[39m=\u001b[32m\"bg-gradient-to-r from-[#B8860B]/10 via-[#B8860B]/5 to-transparent border-[#B8860B]/20 border rounded-xl p-4 sm:p-5\"\u001b[39m\n      \u001b[33minitial\u001b[39m=\u001b[32m\"[object Object]\"\u001b[39m\n    \u001b[36m>\u001b[39m\n      \u001b[36m<div\u001b[39m\n        \u001b[33mclass\u001b[39m=\u001b[32m\"flex flex-col sm:flex-row sm:items-center gap-4\"\u001b[39m\n      \u001b[36m>\u001b[39m\n        \u001b[36m<div\u001b[39m\n          \u001b[33mclass\u001b[39m=\u001b[32m\"flex items-center gap-3 flex-1\"\u001b[39m\n        \u001b[36m>\u001b[39m\n          \u001b[36m<div\u001b[39m\n            \u001b[33mclass\u001b[39m=\u001b[32m\"w-10 h-10 rounded-xl bg-[#B8860B]/20 flex items-center justify-center shrink-0\"\u001b[39m\n          \u001b[36m>\u001b[39m\n            \u001b[36m<div\u001b[39m\n              \u001b[33manimate\u001b[39m=\u001b[32m\"[object Object]\"\u001b[39m\n              \u001b[33mtransition\u001b[39m=\u001b[32m\"[object Object]\"\u001b[39m\n            \u001b[36m>\u001b[39m\n              \u001b[36m<svg\u001b[39m\n                \u001b[33mclass\u001b[39m=\u001b[32m\"lucide lucide-filter w-4 h-4\"\u001b[39m\n                \u001b[33mfill\u001b[39m=\u001b[32m\"none\"\u001b[39m\n                \u001b[33mheight\u001b[39m=\u001b[32m\"24\"\u001b[39m\n                \u001b[33mstroke\u001b[39m=\u001b[32m\"currentColor\"\u001b[39m\n                \u001b[33mstroke-linecap\u001b[39m=\u001b[32m\"round\"\u001b[39m\n                \u001b[33mstroke-linejoin\u001b[39m=\u001b[32m\"round\"\u001b[39m\n                \u001b[33mstroke-width\u001b[39m=\u001b[32m\"2\"\u001b[39m\n                \u001b[33mviewBox\u001b[39m=\u001b[32m\"0 0 24 24\"\u001b[39m\n                \u001b[33mwidth\u001b[39m=\u001b[32m\"24\"\u001b[39m\n                \u001b[33mxmlns\u001b[39m=\u001b[32m\"http://www.w3.org/2000/svg\"\u001b[39m\n              \u001b[36m>\u001b[39m\n                \u001b[36m<polygon\u001b[39m\n                  \u001b[33mpoints\u001b[39m=\u001b[32m\"22 3 2 3 10 12.46 10 19 14 21 14 12.46 22 3\"\u001b[39m\n                \u001b[36m/>\u001b[39m\n              \u001b[36m</svg>\u001b[39m\n            \u001b[36m</div>\u001b[39m\n          \u001b[36m</div>\u001b[39m\n          \u001b[36m<div\u001b[39m\n            \u001b[33mclass\u001b[39m=\u001b[32m\"min-w-0\"\u001b[39m\n          \u001b[36m>\u001b[39m\n            \u001b[36m<div\u001b[39m\n              \u001b[33mclass\u001b[39m=\u001b[32m\"flex items-center gap-2 flex-wrap\"\u001b[39m\n            \u001b[36m>\u001b[39m\n              \u001b[36m<p\u001b[39m\n                \u001b[33mclass\u001b[39m=\u001b[32m\"font-bold text-[#1A1612] text-sm sm:text-base\"\u001b[39m\n              \u001b[36m>\u001b[39m\n                \u001b[0mAmsha-Varga Elimination: The first primary filtering phase\u001b[0m\n              \u001b[36m</p>\u001b[39m\n              \u001b[36m<span\u001b[39m\n                \u001b[33mclass\u001b[39m=\u001b[32m\"text-[9px] px-2 py-0.5 rounded-full bg-[#184131]/10 text-[#184131] font-bold border border-[#184131]/20\"\u001b[39m\n              \u001b[36m>\u001b[39m\n                \u001b[0m🪐 \u001b[0m\n                \u001b[0mMacro Phase: Broad scanning of large time ranges.\u001b[0m\n              \u001b[36m</span>\u001b[39m\n              \u001b[36m<span\u001b[39m\n                \u001b[33mclass\u001b[39m=\u001b[32m\"text-[10px] px-2 py-0.5 rounded-full bg-[#B8860B]/20 text-[#B8860B] font-bold\"\u001b[39m\n              \u001b[36m>\u001b[39m\n                \u001b[0mStep \u001b[0m\n                \u001b[0m3\u001b[0m\n                \u001b[0m of \u001b[0m\n                \u001b[0m7\u001b[0m\n              \u001b[36m</span>\u001b[39m\n            \u001b[36m</div>\u001b[39m\n            \u001b[36m<p\u001b[39m\n              \u001b[33mclass\u001b[39m=\u001b[32m\"text-xs sm:text-sm text-[#4A453F] mt-0.5 truncate\"\u001b[39m\n            \u001b[36m>\u001b[39m\n              \u001b[0mThe first primary filtering phase using recursive Varga displacement\u001b[0m\n            \u001b[36m</p>\u001b[39m\n          \u001b[36m</div>\u001b[39m\n        \u001b[36m</div>\u001b[39m\n        \u001b[36m<div\u001b[39m\n          \u001b[33mclass\u001b[39m=\u001b[32m\"flex items-center gap-4 sm:gap-6 flex-wrap\"\u001b[39m\n        \u001b[36m>\u001b[39m\n          \u001b[36m<div\u001b[39m\n            \u001b[33mclass\u001b[39m=\u001b[32m\"flex items-center gap-2\"\u001b[39m\n          \u001b[36m>\u001b[39m\n            \u001b[36m<div\u001b[39m\n              \u001b[33mclass\u001b[39m=\u001b[32m\"w-2 h-2 rounded-full bg-[#184131] animate-pulse\"\u001b[39m\n            \u001b[36m/>\u001b[39m\n            \u001b[36m<span\u001b[39m\n              \u001b[33mclass\u001b[39m=\u001b[32m\"text-xs font-medium text-[#4A453F]\"\u001b[39m\n            \u001b[36m>\u001b[39m\n              \u001b[0mInference Active\u001b[0m\n            \u001b[36m</span>\u001b[39m\n          \u001b[36m</div>\u001b[39m\n          \u001b[36m<div\u001b[39m\n            \u001b[33mclass\u001b[39m=\u001b[32m\"text-center\"\u001b[39m\n          \u001b[36m>\u001b[39m\n            \u001b[36m<p\u001b[39m\n              \u001b[33mclass\u001b[39m=\u001b[32m\"text-[10px] text-[#7A756F] uppercase tracking-wider\"\u001b[39m\n            \u001b[36m>\u001b[39m\n              \u001b[0mInference\u001b[0m\n            \u001b[36m</p>\u001b[39m\n            \u001b[36m<p\u001b[39m\n              \u001b[33mclass\u001b[39m=\u001b[32m\"text-sm font-bold text-[#184131] font-mono\"\u001b[39m\n            \u001b[36m>\u001b[39m\n              \u001b[0m0.5\u001b[0m\n              \u001b[36m<span\u001b[39m\n                \u001b[33mclass\u001b[39m=\u001b[32m\"text-[8px] ml-0.5 opacity-60\"\u001b[39m\n              \u001b[36m>\u001b[39m\n                \u001b[0mc/s\u001b[0m\n              \u001b[36m</span>\u001b[39m\n            \u001b[36m</p>\u001b[39m\n            \u001b[36m<p\u001b[39m\n              \u001b[33mclass\u001b[39m=\u001b[32m\"text-[9px] text-[#B8860B] font-bold mt-0.5\"\u001b[39m\n            \u001b[36m>\u001b[39m\n              \u001b[0m45\u001b[0m\n              \u001b[0m \u001b[0m\n              \u001b[36m<span\u001b[39m\n                \u001b[33mclass\u001b[39m=\u001b[32m\"text-[7px] uppercase opacity-60\"\u001b[39m\n              \u001b[36m>\u001b[39m\n                \u001b[0mVariations\u001b[0m\n              \u001b[36m</span>\u001b[39m\n            \u001b[36m</p>\u001b[39m\n          \u001b[36m</div>\u001b[39m\n          \u001b[36m<div\u001b[39m\n            \u001b[33mclass\u001b[39m=\u001b[32m\"text-center\"\u001b[39m\n          \u001b[36m>\u001b[39m\n            \u001b[36m<p\u001b[39m\n              \u001b[33mclass\u001b[39m=\u001b[32m\"text-[10px] text-[#7A756F] uppercase tracking-wider\"\u001b[39m\n            \u001b[36m>\u001b[39m\n              \u001b[0mElapsed\u001b[0m\n            \u001b[36m</p>\u001b[39m\n            \u001b[36m<p\u001b[39m\n              \u001b[33mclass\u001b[39m=\u001b[32m\"text-sm font-bold text-[#1A1612] font-mono\"\u001b[39m\n            \u001b[36m>\u001b[39m\n              \u001b[0m02:00\u001b[0m\n            \u001b[36m</p>\u001b[39m\n          \u001b[36m</div>\u001b[39m\n        \u001b[36m</div>\u001b[39m\n      \u001b[36m</div>\u001b[39m\n      \u001b[36m<div\u001b[39m\n        \u001b[33mclass\u001b[39m=\u001b[32m\"mt-3 pt-3 border-t border-[#B8860B]/10\"\u001b[39m\n      \u001b[36m>\u001b[39m\n        \u001b[36m<div\u001b[39m\n          \u001b[33mclass\u001b[39m=\u001b[32m\"flex items-center justify-between text-xs text-[#7A756F] mb-1\"\u001b[39m\n        \u001b[36m>\u001b[39m\n          \u001b[36m<span>\u001b[39m\n            \u001b[0mStage Progress\u001b[0m\n          \u001b[36m</span>\u001b[39m\n          \u001b[36m<span>\u001b[39m\n            \u001b[0m55\u001b[0m\n            \u001b[0m%\u001b[0m\n          \u001b[36m</span>\u001b[39m\n        \u001b[36m</div>\u001b[39m\n        \u001b[36m<div\u001b[39m\n          \u001b[33mclass\u001b[39m=\u001b[32m\"h-1.5 bg-[#F0E8DE] rounded-full overflow-hidden\"\u001b[39m\n        \u001b[36m>\u001b[39m\n          \u001b[36m<div\u001b[39m\n            \u001b[33manimate\u001b[39m=\u001b[32m\"[object Object]\"\u001b[39m\n            \u001b[33mclass\u001b[39m=\u001b[32m\"h-full bg-gradient-to-r from-[#B8860B] to-[#78611D] rounded-full\"\u001b[39m\n            \u001b[33minitial\u001b[39m=\u001b[32m\"[object Object]\"\u001b[39m\n            \u001b[33mtransition\u001b[39m=\u001b[32m\"[object Object]\"\u001b[39m\n          \u001b[36m/>\u001b[39m\n        \u001b[36m</div>\u001b[39m\n      \u001b[36m</div>\u001b[39m\n    \u001b[36m</div>\u001b[39m\n  \u001b[36m</div>\u001b[39m\n\u001b[36m</body>\u001b[39m\n    at Object.getElementError (/home/ashoksainiengineer/Desktop/anti-gravity/ai-pandit/node_modules/@testing-library/dom/dist/config.js:37:19)\n    at /home/ashoksainiengineer/Desktop/anti-gravity/ai-pandit/node_modules/@testing-library/dom/dist/query-helpers.js:76:38\n    at /home/ashoksainiengineer/Desktop/anti-gravity/ai-pandit/node_modules/@testing-library/dom/dist/query-helpers.js:52:17\n    at /home/ashoksainiengineer/Desktop/anti-gravity/ai-pandit/node_modules/@testing-library/dom/dist/query-helpers.js:95:19\n    at /home/ashoksainiengineer/Desktop/anti-gravity/ai-pandit/apps/web/__tests__/AnalysisStatusBanner.test.tsx:64:23\n    at file:///home/ashoksainiengineer/Desktop/anti-gravity/ai-pandit/apps/web/node_modules/@vitest/runner/dist/index.js:145:11\n    at file:///home/ashoksainiengineer/Desktop/anti-gravity/ai-pandit/apps/web/node_modules/@vitest/runner/dist/index.js:915:26\n    at file:///home/ashoksainiengineer/Desktop/anti-gravity/ai-pandit/apps/web/node_modules/@vitest/runner/dist/index.js:1243:20\n    at new Promise (<anonymous>)\n    at runWithTimeout (file:///home/ashoksainiengineer/Desktop/anti-gravity/ai-pandit/apps/web/node_modules/@vitest/runner/dist/index.js:1209:10)","TestingLibraryElementError: Unable to find an element with the text: Amsha-Varga Elimination. This could be because the text is broken up by multiple elements. In this case, you can provide a function for your text matcher to make your matcher more flexible.\n\nIgnored nodes: comments, script, style\n\u001b[36m<body>\u001b[39m\n  \u001b[36m<div>\u001b[39m\n    \u001b[36m<div\u001b[39m\n      \u001b[33manimate\u001b[39m=\u001b[32m\"[object Object]\"\u001b[39m\n      \u001b[33mclass\u001b[39m=\u001b[32m\"bg-gradient-to-r from-[#B8860B]/10 via-[#B8860B]/5 to-transparent border-[#B8860B]/20 border rounded-xl p-4 sm:p-5\"\u001b[39m\n      \u001b[33minitial\u001b[39m=\u001b[32m\"[object Object]\"\u001b[39m\n    \u001b[36m>\u001b[39m\n      \u001b[36m<div\u001b[39m\n        \u001b[33mclass\u001b[39m=\u001b[32m\"flex flex-col sm:flex-row sm:items-center gap-4\"\u001b[39m\n      \u001b[36m>\u001b[39m\n        \u001b[36m<div\u001b[39m\n          \u001b[33mclass\u001b[39m=\u001b[32m\"flex items-center gap-3 flex-1\"\u001b[39m\n        \u001b[36m>\u001b[39m\n          \u001b[36m<div\u001b[39m\n            \u001b[33mclass\u001b[39m=\u001b[32m\"w-10 h-10 rounded-xl bg-[#B8860B]/20 flex items-center justify-center shrink-0\"\u001b[39m\n          \u001b[36m>\u001b[39m\n            \u001b[36m<div\u001b[39m\n              \u001b[33manimate\u001b[39m=\u001b[32m\"[object Object]\"\u001b[39m\n              \u001b[33mtransition\u001b[39m=\u001b[32m\"[object Object]\"\u001b[39m\n            \u001b[36m>\u001b[39m\n              \u001b[36m<svg\u001b[39m\n                \u001b[33mclass\u001b[39m=\u001b[32m\"lucide lucide-filter w-4 h-4\"\u001b[39m\n                \u001b[33mfill\u001b[39m=\u001b[32m\"none\"\u001b[39m\n                \u001b[33mheight\u001b[39m=\u001b[32m\"24\"\u001b[39m\n                \u001b[33mstroke\u001b[39m=\u001b[32m\"currentColor\"\u001b[39m\n                \u001b[33mstroke-linecap\u001b[39m=\u001b[32m\"round\"\u001b[39m\n                \u001b[33mstroke-linejoin\u001b[39m=\u001b[32m\"round\"\u001b[39m\n                \u001b[33mstroke-width\u001b[39m=\u001b[32m\"2\"\u001b[39m\n                \u001b[33mviewBox\u001b[39m=\u001b[32m\"0 0 24 24\"\u001b[39m\n                \u001b[33mwidth\u001b[39m=\u001b[32m\"24\"\u001b[39m\n                \u001b[33mxmlns\u001b[39m=\u001b[32m\"http://www.w3.org/2000/svg\"\u001b[39m\n              \u001b[36m>\u001b[39m\n                \u001b[36m<polygon\u001b[39m\n                  \u001b[33mpoints\u001b[39m=\u001b[32m\"22 3 2 3 10 12.46 10 19 14 21 14 12.46 22 3\"\u001b[39m\n                \u001b[36m/>\u001b[39m\n              \u001b[36m</svg>\u001b[39m\n            \u001b[36m</div>\u001b[39m\n          \u001b[36m</div>\u001b[39m\n          \u001b[36m<div\u001b[39m\n            \u001b[33mclass\u001b[39m=\u001b[32m\"min-w-0\"\u001b[39m\n          \u001b[36m>\u001b[39m\n            \u001b[36m<div\u001b[39m\n              \u001b[33mclass\u001b[39m=\u001b[32m\"flex items-center gap-2 flex-wrap\"\u001b[39m\n            \u001b[36m>\u001b[39m\n              \u001b[36m<p\u001b[39m\n                \u001b[33mclass\u001b[39m=\u001b[32m\"font-bold text-[#1A1612] text-sm sm:text-base\"\u001b[39m\n              \u001b[36m>\u001b[39m\n                \u001b[0mAmsha-Varga Elimination: The first primary filtering phase\u001b[0m\n              \u001b[36m</p>\u001b[39m\n              \u001b[36m<span\u001b[39m\n                \u001b[33mclass\u001b[39m=\u001b[32m\"text-[9px] px-2 py-0.5 rounded-full bg-[#184131]/10 text-[#184131] font-bold border border-[#184131]/20\"\u001b[39m\n              \u001b[36m>\u001b[39m\n                \u001b[0m🪐 \u001b[0m\n                \u001b[0mMacro Phase: Broad scanning of large time ranges.\u001b[0m\n              \u001b[36m</span>\u001b[39m\n              \u001b[36m<span\u001b[39m\n                \u001b[33mclass\u001b[39m=\u001b[32m\"text-[10px] px-2 py-0.5 rounded-full bg-[#B8860B]/20 text-[#B8860B] font-bold\"\u001b[39m\n              \u001b[36m>\u001b[39m\n                \u001b[0mStep \u001b[0m\n                \u001b[0m3\u001b[0m\n                \u001b[0m of \u001b[0m\n                \u001b[0m7\u001b[0m\n              \u001b[36m</span>\u001b[39m\n            \u001b[36m</div>\u001b[39m\n            \u001b[36m<p\u001b[39m\n              \u001b[33mclass\u001b[39m=\u001b[32m\"text-xs sm:text-sm text-[#4A453F] mt-0.5 truncate\"\u001b[39m\n            \u001b[36m>\u001b[39m\n              \u001b[0mThe first primary filtering phase using recursive Varga displacement\u001b[0m\n            \u001b[36m</p>\u001b[39m\n          \u001b[36m</div>\u001b[39m\n        \u001b[36m</div>\u001b[39m\n        \u001b[36m<div\u001b[39m\n          \u001b[33mclass\u001b[39m=\u001b[32m\"flex items-center gap-4 sm:gap-6 flex-wrap\"\u001b[39m\n        \u001b[36m>\u001b[39m\n          \u001b[36m<div\u001b[39m\n            \u001b[33mclass\u001b[39m=\u001b[32m\"flex items-center gap-2\"\u001b[39m\n          \u001b[36m>\u001b[39m\n            \u001b[36m<div\u001b[39m\n              \u001b[33mclass\u001b[39m=\u001b[32m\"w-2 h-2 rounded-full bg-[#184131] animate-pulse\"\u001b[39m\n            \u001b[36m/>\u001b[39m\n            \u001b[36m<span\u001b[39m\n              \u001b[33mclass\u001b[39m=\u001b[32m\"text-xs font-medium text-[#4A453F]\"\u001b[39m\n            \u001b[36m>\u001b[39m\n              \u001b[0mInference Active\u001b[0m\n            \u001b[36m</span>\u001b[39m\n          \u001b[36m</div>\u001b[39m\n          \u001b[36m<div\u001b[39m\n            \u001b[33mclass\u001b[39m=\u001b[32m\"text-center\"\u001b[39m\n          \u001b[36m>\u001b[39m\n            \u001b[36m<p\u001b[39m\n              \u001b[33mclass\u001b[39m=\u001b[32m\"text-[10px] text-[#7A756F] uppercase tracking-wider\"\u001b[39m\n            \u001b[36m>\u001b[39m\n              \u001b[0mInference\u001b[0m\n            \u001b[36m</p>\u001b[39m\n            \u001b[36m<p\u001b[39m\n              \u001b[33mclass\u001b[39m=\u001b[32m\"text-sm font-bold text-[#184131] font-mono\"\u001b[39m\n            \u001b[36m>\u001b[39m\n              \u001b[0m0.5\u001b[0m\n              \u001b[36m<span\u001b[39m\n                \u001b[33mclass\u001b[39m=\u001b[32m\"text-[8px] ml-0.5 opacity-60\"\u001b[39m\n              \u001b[36m>\u001b[39m\n                \u001b[0mc/s\u001b[0m\n              \u001b[36m</span>\u001b[39m\n            \u001b[36m</p>\u001b[39m\n            \u001b[36m<p\u001b[39m\n              \u001b[33mclass\u001b[39m=\u001b[32m\"text-[9px] text-[#B8860B] font-bold mt-0.5\"\u001b[39m\n            \u001b[36m>\u001b[39m\n              \u001b[0m45\u001b[0m\n              \u001b[0m \u001b[0m\n              \u001b[36m<span\u001b[39m\n                \u001b[33mclass\u001b[39m=\u001b[32m\"text-[7px] uppercase opacity-60\"\u001b[39m\n              \u001b[36m>\u001b[39m\n                \u001b[0mVariations\u001b[0m\n              \u001b[36m</span>\u001b[39m\n            \u001b[36m</p>\u001b[39m\n          \u001b[36m</div>\u001b[39m\n          \u001b[36m<div\u001b[39m\n            \u001b[33mclass\u001b[39m=\u001b[32m\"text-center\"\u001b[39m\n          \u001b[36m>\u001b[39m\n            \u001b[36m<p\u001b[39m\n              \u001b[33mclass\u001b[39m=\u001b[32m\"text-[10px] text-[#7A756F] uppercase tracking-wider\"\u001b[39m\n            \u001b[36m>\u001b[39m\n              \u001b[0mElapsed\u001b[0m\n            \u001b[36m</p>\u001b[39m\n            \u001b[36m<p\u001b[39m\n              \u001b[33mclass\u001b[39m=\u001b[32m\"text-sm font-bold text-[#1A1612] font-mono\"\u001b[39m\n            \u001b[36m>\u001b[39m\n              \u001b[0m02:00\u001b[0m\n            \u001b[36m</p>\u001b[39m\n          \u001b[36m</div>\u001b[39m\n        \u001b[36m</div>\u001b[39m\n      \u001b[36m</div>\u001b[39m\n      \u001b[36m<div\u001b[39m\n        \u001b[33mclass\u001b[39m=\u001b[32m\"mt-3 pt-3 border-t border-[#B8860B]/10\"\u001b[39m\n      \u001b[36m>\u001b[39m\n        \u001b[36m<div\u001b[39m\n          \u001b[33mclass\u001b[39m=\u001b[32m\"flex items-center justify-between text-xs text-[#7A756F] mb-1\"\u001b[39m\n        \u001b[36m>\u001b[39m\n          \u001b[36m<span>\u001b[39m\n            \u001b[0mStage Progress\u001b[0m\n          \u001b[36m</span>\u001b[39m\n          \u001b[36m<span>\u001b[39m\n            \u001b[0m55\u001b[0m\n            \u001b[0m%\u001b[0m\n          \u001b[36m</span>\u001b[39m\n        \u001b[36m</div>\u001b[39m\n        \u001b[36m<div\u001b[39m\n          \u001b[33mclass\u001b[39m=\u001b[32m\"h-1.5 bg-[#F0E8DE] rounded-full overflow-hidden\"\u001b[39m\n        \u001b[36m>\u001b[39m\n          \u001b[36m<div\u001b[39m\n            \u001b[33manimate\u001b[39m=\u001b[32m\"[object Object]\"\u001b[39m\n            \u001b[33mclass\u001b[39m=\u001b[32m\"h-full bg-gradient-to-r from-[#B8860B] to-[#78611D] rounded-full\"\u001b[39m\n            \u001b[33minitial\u001b[39m=\u001b[32m\"[object Object]\"\u001b[39m\n            \u001b[33mtransition\u001b[39m=\u001b[32m\"[object Object]\"\u001b[39m\n          \u001b[36m/>\u001b[39m\n        \u001b[36m</div>\u001b[39m\n      \u001b[36m</div>\u001b[39m\n    \u001b[36m</div>\u001b[39m\n  \u001b[36m</div>\u001b[39m\n\u001b[36m</body>\u001b[39m\n    at Object.getElementError (/home/ashoksainiengineer/Desktop/anti-gravity/ai-pandit/node_modules/@testing-library/dom/dist/config.js:37:19)\n    at /home/ashoksainiengineer/Desktop/anti-gravity/ai-pandit/node_modules/@testing-library/dom/dist/query-helpers.js:76:38\n    at /home/ashoksainiengineer/Desktop/anti-gravity/ai-pandit/node_modules/@testing-library/dom/dist/query-helpers.js:52:17\n    at /home/ashoksainiengineer/Desktop/anti-gravity/ai-pandit/node_modules/@testing-library/dom/dist/query-helpers.js:95:19\n    at /home/ashoksainiengineer/Desktop/anti-gravity/ai-pandit/apps/web/__tests__/AnalysisStatusBanner.test.tsx:64:23\n    at file:///home/ashoksainiengineer/Desktop/anti-gravity/ai-pandit/apps/web/node_modules/@vitest/runner/dist/index.js:145:11\n    at file:///home/ashoksainiengineer/Desktop/anti-gravity/ai-pandit/apps/web/node_modules/@vitest/runner/dist/index.js:915:26\n    at file:///home/ashoksainiengineer/Desktop/anti-gravity/ai-pandit/apps/web/node_modules/@vitest/runner/dist/index.js:1243:20\n    at new Promise (<anonymous>)\n    at runWithTimeout (file:///home/ashoksainiengineer/Desktop/anti-gravity/ai-pandit/apps/web/node_modules/@vitest/runner/dist/index.js:1209:10)","TestingLibraryElementError: Unable to find an element with the text: Amsha-Varga Elimination. This could be because the text is broken up by multiple elements. In this case, you can provide a function for your text matcher to make your matcher more flexible.\n\nIgnored nodes: comments, script, style\n\u001b[36m<body>\u001b[39m\n  \u001b[36m<div>\u001b[39m\n    \u001b[36m<div\u001b[39m\n      \u001b[33manimate\u001b[39m=\u001b[32m\"[object Object]\"\u001b[39m\n      \u001b[33mclass\u001b[39m=\u001b[32m\"bg-gradient-to-r from-[#B8860B]/10 via-[#B8860B]/5 to-transparent border-[#B8860B]/20 border rounded-xl p-4 sm:p-5\"\u001b[39m\n      \u001b[33minitial\u001b[39m=\u001b[32m\"[object Object]\"\u001b[39m\n    \u001b[36m>\u001b[39m\n      \u001b[36m<div\u001b[39m\n        \u001b[33mclass\u001b[39m=\u001b[32m\"flex flex-col sm:flex-row sm:items-center gap-4\"\u001b[39m\n      \u001b[36m>\u001b[39m\n        \u001b[36m<div\u001b[39m\n          \u001b[33mclass\u001b[39m=\u001b[32m\"flex items-center gap-3 flex-1\"\u001b[39m\n        \u001b[36m>\u001b[39m\n          \u001b[36m<div\u001b[39m\n            \u001b[33mclass\u001b[39m=\u001b[32m\"w-10 h-10 rounded-xl bg-[#B8860B]/20 flex items-center justify-center shrink-0\"\u001b[39m\n          \u001b[36m>\u001b[39m\n            \u001b[36m<div\u001b[39m\n              \u001b[33manimate\u001b[39m=\u001b[32m\"[object Object]\"\u001b[39m\n              \u001b[33mtransition\u001b[39m=\u001b[32m\"[object Object]\"\u001b[39m\n            \u001b[36m>\u001b[39m\n              \u001b[36m<svg\u001b[39m\n                \u001b[33mclass\u001b[39m=\u001b[32m\"lucide lucide-filter w-4 h-4\"\u001b[39m\n                \u001b[33mfill\u001b[39m=\u001b[32m\"none\"\u001b[39m\n                \u001b[33mheight\u001b[39m=\u001b[32m\"24\"\u001b[39m\n                \u001b[33mstroke\u001b[39m=\u001b[32m\"currentColor\"\u001b[39m\n                \u001b[33mstroke-linecap\u001b[39m=\u001b[32m\"round\"\u001b[39m\n                \u001b[33mstroke-linejoin\u001b[39m=\u001b[32m\"round\"\u001b[39m\n                \u001b[33mstroke-width\u001b[39m=\u001b[32m\"2\"\u001b[39m\n                \u001b[33mviewBox\u001b[39m=\u001b[32m\"0 0 24 24\"\u001b[39m\n                \u001b[33mwidth\u001b[39m=\u001b[32m\"24\"\u001b[39m\n                \u001b[33mxmlns\u001b[39m=\u001b[32m\"http://www.w3.org/2000/svg\"\u001b[39m\n              \u001b[36m>\u001b[39m\n                \u001b[36m<polygon\u001b[39m\n                  \u001b[33mpoints\u001b[39m=\u001b[32m\"22 3 2 3 10 12.46 10 19 14 21 14 12.46 22 3\"\u001b[39m\n                \u001b[36m/>\u001b[39m\n              \u001b[36m</svg>\u001b[39m\n            \u001b[36m</div>\u001b[39m\n          \u001b[36m</div>\u001b[39m\n          \u001b[36m<div\u001b[39m\n            \u001b[33mclass\u001b[39m=\u001b[32m\"min-w-0\"\u001b[39m\n          \u001b[36m>\u001b[39m\n            \u001b[36m<div\u001b[39m\n              \u001b[33mclass\u001b[39m=\u001b[32m\"flex items-center gap-2 flex-wrap\"\u001b[39m\n            \u001b[36m>\u001b[39m\n              \u001b[36m<p\u001b[39m\n                \u001b[33mclass\u001b[39m=\u001b[32m\"font-bold text-[#1A1612] text-sm sm:text-base\"\u001b[39m\n              \u001b[36m>\u001b[39m\n                \u001b[0mAmsha-Varga Elimination: The first primary filtering phase\u001b[0m\n              \u001b[36m</p>\u001b[39m\n              \u001b[36m<span\u001b[39m\n                \u001b[33mclass\u001b[39m=\u001b[32m\"text-[9px] px-2 py-0.5 rounded-full bg-[#184131]/10 text-[#184131] font-bold border border-[#184131]/20\"\u001b[39m\n              \u001b[36m>\u001b[39m\n                \u001b[0m🪐 \u001b[0m\n                \u001b[0mMacro Phase: Broad scanning of large time ranges.\u001b[0m\n              \u001b[36m</span>\u001b[39m\n              \u001b[36m<span\u001b[39m\n                \u001b[33mclass\u001b[39m=\u001b[32m\"text-[10px] px-2 py-0.5 rounded-full bg-[#B8860B]/20 text-[#B8860B] font-bold\"\u001b[39m\n              \u001b[36m>\u001b[39m\n                \u001b[0mStep \u001b[0m\n                \u001b[0m3\u001b[0m\n                \u001b[0m of \u001b[0m\n                \u001b[0m7\u001b[0m\n              \u001b[36m</span>\u001b[39m\n            \u001b[36m</div>\u001b[39m\n            \u001b[36m<p\u001b[39m\n              \u001b[33mclass\u001b[39m=\u001b[32m\"text-xs sm:text-sm text-[#4A453F] mt-0.5 truncate\"\u001b[39m\n            \u001b[36m>\u001b[39m\n              \u001b[0mThe first primary filtering phase using recursive Varga displacement\u001b[0m\n            \u001b[36m</p>\u001b[39m\n          \u001b[36m</div>\u001b[39m\n        \u001b[36m</div>\u001b[39m\n        \u001b[36m<div\u001b[39m\n          \u001b[33mclass\u001b[39m=\u001b[32m\"flex items-center gap-4 sm:gap-6 flex-wrap\"\u001b[39m\n        \u001b[36m>\u001b[39m\n          \u001b[36m<div\u001b[39m\n            \u001b[33mclass\u001b[39m=\u001b[32m\"flex items-center gap-2\"\u001b[39m\n          \u001b[36m>\u001b[39m\n            \u001b[36m<div\u001b[39m\n              \u001b[33mclass\u001b[39m=\u001b[32m\"w-2 h-2 rounded-full bg-[#184131] animate-pulse\"\u001b[39m\n            \u001b[36m/>\u001b[39m\n            \u001b[36m<span\u001b[39m\n              \u001b[33mclass\u001b[39m=\u001b[32m\"text-xs font-medium text-[#4A453F]\"\u001b[39m\n            \u001b[36m>\u001b[39m\n              \u001b[0mInference Active\u001b[0m\n            \u001b[36m</span>\u001b[39m\n          \u001b[36m</div>\u001b[39m\n          \u001b[36m<div\u001b[39m\n            \u001b[33mclass\u001b[39m=\u001b[32m\"text-center\"\u001b[39m\n          \u001b[36m>\u001b[39m\n            \u001b[36m<p\u001b[39m\n              \u001b[33mclass\u001b[39m=\u001b[32m\"text-[10px] text-[#7A756F] uppercase tracking-wider\"\u001b[39m\n            \u001b[36m>\u001b[39m\n              \u001b[0mInference\u001b[0m\n            \u001b[36m</p>\u001b[39m\n            \u001b[36m<p\u001b[39m\n              \u001b[33mclass\u001b[39m=\u001b[32m\"text-sm font-bold text-[#184131] font-mono\"\u001b[39m\n            \u001b[36m>\u001b[39m\n              \u001b[0m0.5\u001b[0m\n              \u001b[36m<span\u001b[39m\n                \u001b[33mclass\u001b[39m=\u001b[32m\"text-[8px] ml-0.5 opacity-60\"\u001b[39m\n              \u001b[36m>\u001b[39m\n                \u001b[0mc/s\u001b[0m\n              \u001b[36m</span>\u001b[39m\n            \u001b[36m</p>\u001b[39m\n            \u001b[36m<p\u001b[39m\n              \u001b[33mclass\u001b[39m=\u001b[32m\"text-[9px] text-[#B8860B] font-bold mt-0.5\"\u001b[39m\n            \u001b[36m>\u001b[39m\n              \u001b[0m45\u001b[0m\n              \u001b[0m \u001b[0m\n              \u001b[36m<span\u001b[39m\n                \u001b[33mclass\u001b[39m=\u001b[32m\"text-[7px] uppercase opacity-60\"\u001b[39m\n              \u001b[36m>\u001b[39m\n                \u001b[0mVariations\u001b[0m\n              \u001b[36m</span>\u001b[39m\n            \u001b[36m</p>\u001b[39m\n          \u001b[36m</div>\u001b[39m\n          \u001b[36m<div\u001b[39m\n            \u001b[33mclass\u001b[39m=\u001b[32m\"text-center\"\u001b[39m\n          \u001b[36m>\u001b[39m\n            \u001b[36m<p\u001b[39m\n              \u001b[33mclass\u001b[39m=\u001b[32m\"text-[10px] text-[#7A756F] uppercase tracking-wider\"\u001b[39m\n            \u001b[36m>\u001b[39m\n              \u001b[0mElapsed\u001b[0m\n            \u001b[36m</p>\u001b[39m\n            \u001b[36m<p\u001b[39m\n              \u001b[33mclass\u001b[39m=\u001b[32m\"text-sm font-bold text-[#1A1612] font-mono\"\u001b[39m\n            \u001b[36m>\u001b[39m\n              \u001b[0m02:00\u001b[0m\n            \u001b[36m</p>\u001b[39m\n          \u001b[36m</div>\u001b[39m\n        \u001b[36m</div>\u001b[39m\n      \u001b[36m</div>\u001b[39m\n      \u001b[36m<div\u001b[39m\n        \u001b[33mclass\u001b[39m=\u001b[32m\"mt-3 pt-3 border-t border-[#B8860B]/10\"\u001b[39m\n      \u001b[36m>\u001b[39m\n        \u001b[36m<div\u001b[39m\n          \u001b[33mclass\u001b[39m=\u001b[32m\"flex items-center justify-between text-xs text-[#7A756F] mb-1\"\u001b[39m\n        \u001b[36m>\u001b[39m\n          \u001b[36m<span>\u001b[39m\n            \u001b[0mStage Progress\u001b[0m\n          \u001b[36m</span>\u001b[39m\n          \u001b[36m<span>\u001b[39m\n            \u001b[0m55\u001b[0m\n            \u001b[0m%\u001b[0m\n          \u001b[36m</span>\u001b[39m\n        \u001b[36m</div>\u001b[39m\n        \u001b[36m<div\u001b[39m\n          \u001b[33mclass\u001b[39m=\u001b[32m\"h-1.5 bg-[#F0E8DE] rounded-full overflow-hidden\"\u001b[39m\n        \u001b[36m>\u001b[39m\n          \u001b[36m<div\u001b[39m\n            \u001b[33manimate\u001b[39m=\u001b[32m\"[object Object]\"\u001b[39m\n            \u001b[33mclass\u001b[39m=\u001b[32m\"h-full bg-gradient-to-r from-[#B8860B] to-[#78611D] rounded-full\"\u001b[39m\n            \u001b[33minitial\u001b[39m=\u001b[32m\"[object Object]\"\u001b[39m\n            \u001b[33mtransition\u001b[39m=\u001b[32m\"[object Object]\"\u001b[39m\n          \u001b[36m/>\u001b[39m\n        \u001b[36m</div>\u001b[39m\n      \u001b[36m</div>\u001b[39m\n    \u001b[36m</div>\u001b[39m\n  \u001b[36m</div>\u001b[39m\n\u001b[36m</body>\u001b[39m\n    at Object.getElementError (/home/ashoksainiengineer/Desktop/anti-gravity/ai-pandit/node_modules/@testing-library/dom/dist/config.js:37:19)\n    at /home/ashoksainiengineer/Desktop/anti-gravity/ai-pandit/node_modules/@testing-library/dom/dist/query-helpers.js:76:38\n    at /home/ashoksainiengineer/Desktop/anti-gravity/ai-pandit/node_modules/@testing-library/dom/dist/query-helpers.js:52:17\n    at /home/ashoksainiengineer/Desktop/anti-gravity/ai-pandit/node_modules/@testing-library/dom/dist/query-helpers.js:95:19\n    at /home/ashoksainiengineer/Desktop/anti-gravity/ai-pandit/apps/web/__tests__/AnalysisStatusBanner.test.tsx:64:23\n    at file:///home/ashoksainiengineer/Desktop/anti-gravity/ai-pandit/apps/web/node_modules/@vitest/runner/dist/index.js:145:11\n    at file:///home/ashoksainiengineer/Desktop/anti-gravity/ai-pandit/apps/web/node_modules/@vitest/runner/dist/index.js:915:26\n    at file:///home/ashoksainiengineer/Desktop/anti-gravity/ai-pandit/apps/web/node_modules/@vitest/runner/dist/index.js:1243:20\n    at new Promise (<anonymous>)\n    at runWithTimeout (file:///home/ashoksainiengineer/Desktop/anti-gravity/ai-pandit/apps/web/node_modules/@vitest/runner/dist/index.js:1209:10)"],"meta":{}},{"ancestorTitles":["Dimension 1: AnalysisStatusBanner (State & Rendering)"],"fullName":"Dimension 1: AnalysisStatusBanner (State & Rendering) handles completion state prioritizing \"Analysis Complete\"","status":"passed","title":"handles completion state prioritizing \"Analysis Complete\"","duration":17.532803000000058,"failureMessages":[],"meta":{}}],"startTime":1772708486030,"endTime":1772708486441.5327,"status":"failed","message":"","name":"/home/ashoksainiengineer/Desktop/anti-gravity/ai-pandit/apps/web/__tests__/AnalysisStatusBanner.test.tsx"},{"assertionResults":[{"ancestorTitles":["MainPageIntegration (Full Lifecycle)"],"fullName":"MainPageIntegration (Full Lifecycle) renders the main analysis layout in streaming mode","status":"passed","title":"renders the main analysis layout in streaming mode","duration":248.48580900000024,"failureMessages":[],"meta":{}},{"ancestorTitles":["MainPageIntegration (Full Lifecycle)"],"fullName":"MainPageIntegration (Full Lifecycle) triggers cancel analysis action through stop confirmation","status":"passed","title":"triggers cancel analysis action through stop confirmation","duration":65.82391899999993,"failureMessages":[],"meta":{}}],"startTime":1772708486929,"endTime":1772708487243.824,"status":"passed","message":"","name":"/home/ashoksainiengineer/Desktop/anti-gravity/ai-pandit/apps/web/__tests__/MainPageIntegration.test.tsx"},{"assertionResults":[{"ancestorTitles":["Smoke Test"],"fullName":"Smoke Test is true","status":"passed","title":"is true","duration":1.0050240000000485,"failureMessages":[],"meta":{}}],"startTime":1772708489233,"endTime":1772708489234.0051,"status":"passed","message":"","name":"/home/ashoksainiengineer/Desktop/anti-gravity/ai-pandit/apps/web/__tests__/smoke.test.tsx"},{"assertionResults":[{"ancestorTitles":["Analysis Page - Stress & Persistence (Heavy Duty)","High-Volume Event Coalescing (Stress)"],"fullName":"Analysis Page - Stress & Persistence (Heavy Duty) High-Volume Event Coalescing (Stress) coalesces 500 parallel thinking chunks without crashing","status":"passed","title":"coalesces 500 parallel thinking chunks without crashing","duration":8.909168000000136,"failureMessages":[],"meta":{}},{"ancestorTitles":["Analysis Page - Stress & Persistence (Heavy Duty)","High-Volume Event Coalescing (Stress)"],"fullName":"Analysis Page - Stress & Persistence (Heavy Duty) High-Volume Event Coalescing (Stress) handles 100+ different candidates simultaneously","status":"passed","title":"handles 100+ different candidates simultaneously","duration":12.813525000000027,"failureMessages":[],"meta":{}},{"ancestorTitles":["Analysis Page - Stress & Persistence (Heavy Duty)","Persistence & Recovery (Ambiguity Removal)"],"fullName":"Analysis Page - Stress & Persistence (Heavy Duty) Persistence & Recovery (Ambiguity Removal) recovers state exactly after a mock \"refresh\"","status":"passed","title":"recovers state exactly after a mock \"refresh\"","duration":1.1297119999999268,"failureMessages":[],"meta":{}},{"ancestorTitles":["Analysis Page - Stress & Persistence (Heavy Duty)","Persistence & Recovery (Ambiguity Removal)"],"fullName":"Analysis Page - Stress & Persistence (Heavy Duty) Persistence & Recovery (Ambiguity Removal) discards stale session data on reset","status":"failed","title":"discards stale session data on reset","duration":9.692439999999806,"failureMessages":["AssertionError: expected true to be false // Object.is equality\n    at /home/ashoksainiengineer/Desktop/anti-gravity/ai-pandit/apps/web/__tests__/components/AnalysisStress.test.tsx:104:38\n    at file:///home/ashoksainiengineer/Desktop/anti-gravity/ai-pandit/apps/web/node_modules/@vitest/runner/dist/index.js:145:11\n    at file:///home/ashoksainiengineer/Desktop/anti-gravity/ai-pandit/apps/web/node_modules/@vitest/runner/dist/index.js:915:26\n    at file:///home/ashoksainiengineer/Desktop/anti-gravity/ai-pandit/apps/web/node_modules/@vitest/runner/dist/index.js:1243:20\n    at new Promise (<anonymous>)\n    at runWithTimeout (file:///home/ashoksainiengineer/Desktop/anti-gravity/ai-pandit/apps/web/node_modules/@vitest/runner/dist/index.js:1209:10)\n    at file:///home/ashoksainiengineer/Desktop/anti-gravity/ai-pandit/apps/web/node_modules/@vitest/runner/dist/index.js:1653:37\n    at Traces.$ (file:///home/ashoksainiengineer/Desktop/anti-gravity/ai-pandit/apps/web/node_modules/vitest/dist/chunks/traces.CCmnQaNT.js:142:27)\n    at trace (file:///home/ashoksainiengineer/Desktop/anti-gravity/ai-pandit/apps/web/node_modules/vitest/dist/chunks/test.B8ej_ZHS.js:239:21)\n    at runTest (file:///home/ashoksainiengineer/Desktop/anti-gravity/ai-pandit/apps/web/node_modules/@vitest/runner/dist/index.js:1653:12)","AssertionError: expected true to be false // Object.is equality\n    at /home/ashoksainiengineer/Desktop/anti-gravity/ai-pandit/apps/web/__tests__/components/AnalysisStress.test.tsx:104:38\n    at file:///home/ashoksainiengineer/Desktop/anti-gravity/ai-pandit/apps/web/node_modules/@vitest/runner/dist/index.js:145:11\n    at file:///home/ashoksainiengineer/Desktop/anti-gravity/ai-pandit/apps/web/node_modules/@vitest/runner/dist/index.js:915:26\n    at file:///home/ashoksainiengineer/Desktop/anti-gravity/ai-pandit/apps/web/node_modules/@vitest/runner/dist/index.js:1243:20\n    at new Promise (<anonymous>)\n    at runWithTimeout (file:///home/ashoksainiengineer/Desktop/anti-gravity/ai-pandit/apps/web/node_modules/@vitest/runner/dist/index.js:1209:10)\n    at file:///home/ashoksainiengineer/Desktop/anti-gravity/ai-pandit/apps/web/node_modules/@vitest/runner/dist/index.js:1653:37\n    at Traces.$ (file:///home/ashoksainiengineer/Desktop/anti-gravity/ai-pandit/apps/web/node_modules/vitest/dist/chunks/traces.CCmnQaNT.js:142:27)\n    at trace (file:///home/ashoksainiengineer/Desktop/anti-gravity/ai-pandit/apps/web/node_modules/vitest/dist/chunks/test.B8ej_ZHS.js:239:21)\n    at runTest (file:///home/ashoksainiengineer/Desktop/anti-gravity/ai-pandit/apps/web/node_modules/@vitest/runner/dist/index.js:1653:12)","AssertionError: expected true to be false // Object.is equality\n    at /home/ashoksainiengineer/Desktop/anti-gravity/ai-pandit/apps/web/__tests__/components/AnalysisStress.test.tsx:104:38\n    at file:///home/ashoksainiengineer/Desktop/anti-gravity/ai-pandit/apps/web/node_modules/@vitest/runner/dist/index.js:145:11\n    at file:///home/ashoksainiengineer/Desktop/anti-gravity/ai-pandit/apps/web/node_modules/@vitest/runner/dist/index.js:915:26\n    at file:///home/ashoksainiengineer/Desktop/anti-gravity/ai-pandit/apps/web/node_modules/@vitest/runner/dist/index.js:1243:20\n    at new Promise (<anonymous>)\n    at runWithTimeout (file:///home/ashoksainiengineer/Desktop/anti-gravity/ai-pandit/apps/web/node_modules/@vitest/runner/dist/index.js:1209:10)\n    at file:///home/ashoksainiengineer/Desktop/anti-gravity/ai-pandit/apps/web/node_modules/@vitest/runner/dist/index.js:1653:37\n    at Traces.$ (file:///home/ashoksainiengineer/Desktop/anti-gravity/ai-pandit/apps/web/node_modules/vitest/dist/chunks/traces.CCmnQaNT.js:142:27)\n    at trace (file:///home/ashoksainiengineer/Desktop/anti-gravity/ai-pandit/apps/web/node_modules/vitest/dist/chunks/test.B8ej_ZHS.js:239:21)\n    at runTest (file:///home/ashoksainiengineer/Desktop/anti-gravity/ai-pandit/apps/web/node_modules/@vitest/runner/dist/index.js:1653:12)"],"meta":{}}],"startTime":1772708485620,"endTime":1772708485653.6924,"status":"failed","message":"","name":"/home/ashoksainiengineer/Desktop/anti-gravity/ai-pandit/apps/web/__tests__/components/AnalysisStress.test.tsx"},{"assertionResults":[{"ancestorTitles":["CancelConfirmation Component (Dimension 3)"],"fullName":"CancelConfirmation Component (Dimension 3) Renders warning text and correctly separates abort/confirm callbacks","status":"passed","title":"Renders warning text and correctly separates abort/confirm callbacks","duration":754.5378179999998,"failureMessages":[],"meta":{}}],"startTime":1772708485798,"endTime":1772708486552.5378,"status":"passed","message":"","name":"/home/ashoksainiengineer/Desktop/anti-gravity/ai-pandit/apps/web/__tests__/components/CancelConfirmation.test.tsx"},{"assertionResults":[{"ancestorTitles":["CompletionInsights Component (Dimension 4)"],"fullName":"CompletionInsights Component (Dimension 4) Displays the final rectified result and routes to the official report correctly","status":"passed","title":"Displays the final rectified result and routes to the official report correctly","duration":761.6135519999998,"failureMessages":[],"meta":{}}],"startTime":1772708485624,"endTime":1772708486385.6135,"status":"passed","message":"","name":"/home/ashoksainiengineer/Desktop/anti-gravity/ai-pandit/apps/web/__tests__/components/CompletionInsights.test.tsx"},{"assertionResults":[{"ancestorTitles":["ErrorDisplay Component (Dimension 2)"],"fullName":"ErrorDisplay Component (Dimension 2) Displays the provided error message and handles retry clicks","status":"passed","title":"Displays the provided error message and handles retry clicks","duration":439.1690940000003,"failureMessages":[],"meta":{}},{"ancestorTitles":["ErrorDisplay Component (Dimension 2)"],"fullName":"ErrorDisplay Component (Dimension 2) Displays generic message if no specific error is provided","status":"passed","title":"Displays generic message if no specific error is provided","duration":12.2811200000001,"failureMessages":[],"meta":{}}],"startTime":1772708485507,"endTime":1772708485958.281,"status":"passed","message":"","name":"/home/ashoksainiengineer/Desktop/anti-gravity/ai-pandit/apps/web/__tests__/components/ErrorDisplay.test.tsx"},{"assertionResults":[{"ancestorTitles":["Stream Store - Memory Protection Logic"],"fullName":"Stream Store - Memory Protection Logic archives low-scoring candidates when exceeding 500 items","status":"passed","title":"archives low-scoring candidates when exceeding 500 items","duration":220.7576509999999,"failureMessages":[],"meta":{}},{"ancestorTitles":["Stream Store - Memory Protection Logic"],"fullName":"Stream Store - Memory Protection Logic debounces IndexedDB persistence (logic check)","status":"passed","title":"debounces IndexedDB persistence (logic check)","duration":2.5519899999999325,"failureMessages":[],"meta":{}}],"startTime":1772708485623,"endTime":1772708485846.552,"status":"passed","message":"","name":"/home/ashoksainiengineer/Desktop/anti-gravity/ai-pandit/apps/web/__tests__/components/MemoryProtection.test.tsx"},{"assertionResults":[{"ancestorTitles":["useClipboard"],"fullName":"useClipboard should copy text using navigator.clipboard if available","status":"passed","title":"should copy text using navigator.clipboard if available","duration":63.13103000000001,"failureMessages":[],"meta":{}},{"ancestorTitles":["useClipboard"],"fullName":"useClipboard should fallback to document.execCommand if navigator.clipboard fails","status":"passed","title":"should fallback to document.execCommand if navigator.clipboard fails","duration":56.67482400000017,"failureMessages":[],"meta":{}},{"ancestorTitles":["useClipboard"],"fullName":"useClipboard should return false and set error if both methods fail","status":"passed","title":"should return false and set error if both methods fail","duration":17.27444099999957,"failureMessages":[],"meta":{}}],"startTime":1772708487911,"endTime":1772708488048.2744,"status":"passed","message":"","name":"/home/ashoksainiengineer/Desktop/anti-gravity/ai-pandit/apps/web/hooks/__tests__/useClipboard.test.ts"},{"assertionResults":[{"ancestorTitles":["APIClient - Unit Tests","POST"],"fullName":"APIClient - Unit Tests POST should send POST request with JSON body and auth header","status":"passed","title":"should send POST request with JSON body and auth header","duration":28.547062000000096,"failureMessages":[],"meta":{}},{"ancestorTitles":["APIClient - Unit Tests","POST"],"fullName":"APIClient - Unit Tests POST should include token as query parameter (dual-channel auth)","status":"passed","title":"should include token as query parameter (dual-channel auth)","duration":3.4578260000002956,"failureMessages":[],"meta":{}},{"ancestorTitles":["APIClient - Unit Tests","POST"],"fullName":"APIClient - Unit Tests POST should throw on network error","status":"passed","title":"should throw on network error","duration":23.805440999999973,"failureMessages":[],"meta":{}},{"ancestorTitles":["APIClient - Unit Tests","GET"],"fullName":"APIClient - Unit Tests GET should send GET request with auth header when getToken provided","status":"passed","title":"should send GET request with auth header when getToken provided","duration":3.819184000000405,"failureMessages":[],"meta":{}},{"ancestorTitles":["APIClient - Unit Tests","GET"],"fullName":"APIClient - Unit Tests GET should send GET request without auth when no getToken provided","status":"passed","title":"should send GET request without auth when no getToken provided","duration":1.3888950000000477,"failureMessages":[],"meta":{}},{"ancestorTitles":["APIClient - Unit Tests","GET"],"fullName":"APIClient - Unit Tests GET should throw on network error","status":"passed","title":"should throw on network error","duration":5.554157999999916,"failureMessages":[],"meta":{}}],"startTime":1772708488383,"endTime":1772708488450.5542,"status":"passed","message":"","name":"/home/ashoksainiengineer/Desktop/anti-gravity/ai-pandit/apps/web/lib/__tests__/api-client.test.ts"},{"assertionResults":[{"ancestorTitles":["Frontend Crypto - Roundtrip"],"fullName":"Frontend Crypto - Roundtrip should encrypt and decrypt simple text","status":"passed","title":"should encrypt and decrypt simple text","duration":261.22663699999976,"failureMessages":[],"meta":{}},{"ancestorTitles":["Frontend Crypto - Roundtrip"],"fullName":"Frontend Crypto - Roundtrip should encrypt and decrypt Unicode/Hindi","status":"passed","title":"should encrypt and decrypt Unicode/Hindi","duration":358.97822300000007,"failureMessages":[],"meta":{}},{"ancestorTitles":["Frontend Crypto - Roundtrip"],"fullName":"Frontend Crypto - Roundtrip should encrypt and decrypt empty string","status":"passed","title":"should encrypt and decrypt empty string","duration":410.34794599999987,"failureMessages":[],"meta":{}},{"ancestorTitles":["Frontend Crypto - Roundtrip"],"fullName":"Frontend Crypto - Roundtrip should encrypt and decrypt long text (10KB)","status":"passed","title":"should encrypt and decrypt long text (10KB)","duration":352.4174930000004,"failureMessages":[],"meta":{}},{"ancestorTitles":["Frontend Crypto - Roundtrip"],"fullName":"Frontend Crypto - Roundtrip should produce v3 versioned format","status":"passed","title":"should produce v3 versioned format","duration":149.57484000000022,"failureMessages":[],"meta":{}},{"ancestorTitles":["Frontend Crypto - Roundtrip"],"fullName":"Frontend Crypto - Roundtrip should produce unique ciphertext for same plaintext (unique IVs/salts)","status":"passed","title":"should produce unique ciphertext for same plaintext (unique IVs/salts)","duration":293.1993580000003,"failureMessages":[],"meta":{}},{"ancestorTitles":["Frontend Crypto - Roundtrip"],"fullName":"Frontend Crypto - Roundtrip should handle JSON strings","status":"passed","title":"should handle JSON strings","duration":331.8226139999997,"failureMessages":[],"meta":{}},{"ancestorTitles":["Frontend Crypto - Roundtrip"],"fullName":"Frontend Crypto - Roundtrip should handle special characters","status":"passed","title":"should handle special characters","duration":430.49999600000046,"failureMessages":[],"meta":{}},{"ancestorTitles":["Frontend Crypto - Decryption Errors"],"fullName":"Frontend Crypto - Decryption Errors should throw on non-v3 format","status":"passed","title":"should throw on non-v3 format","duration":1.847418999999718,"failureMessages":[],"meta":{}},{"ancestorTitles":["Frontend Crypto - Decryption Errors"],"fullName":"Frontend Crypto - Decryption Errors should throw on invalid format (wrong part count)","status":"passed","title":"should throw on invalid format (wrong part count)","duration":0.7932409999993979,"failureMessages":[],"meta":{}},{"ancestorTitles":["Frontend Crypto - Decryption Errors"],"fullName":"Frontend Crypto - Decryption Errors should throw on corrupted ciphertext","status":"passed","title":"should throw on corrupted ciphertext","duration":296.9518509999998,"failureMessages":[],"meta":{}},{"ancestorTitles":["Frontend Crypto - Decryption Errors"],"fullName":"Frontend Crypto - Decryption Errors should throw on tampered auth tag","status":"passed","title":"should throw on tampered auth tag","duration":140.7531630000003,"failureMessages":[],"meta":{}},{"ancestorTitles":["Frontend Crypto - Decryption Errors"],"fullName":"Frontend Crypto - Decryption Errors should throw on plain text input","status":"passed","title":"should throw on plain text input","duration":0.8780129999995552,"failureMessages":[],"meta":{}},{"ancestorTitles":["Frontend Crypto - Object Encryption"],"fullName":"Frontend Crypto - Object Encryption should encrypt and decrypt objects","status":"passed","title":"should encrypt and decrypt objects","duration":286.78714300000047,"failureMessages":[],"meta":{}},{"ancestorTitles":["Frontend Crypto - Object Encryption"],"fullName":"Frontend Crypto - Object Encryption should handle arrays in objects","status":"passed","title":"should handle arrays in objects","duration":280.67544199999975,"failureMessages":[],"meta":{}},{"ancestorTitles":["Frontend Crypto - isEncrypted"],"fullName":"Frontend Crypto - isEncrypted should detect v3 encrypted strings","status":"passed","title":"should detect v3 encrypted strings","duration":102.73625399999946,"failureMessages":[],"meta":{}},{"ancestorTitles":["Frontend Crypto - isEncrypted"],"fullName":"Frontend Crypto - isEncrypted should reject plain text","status":"passed","title":"should reject plain text","duration":0.11513000000013562,"failureMessages":[],"meta":{}},{"ancestorTitles":["Frontend Crypto - isEncrypted"],"fullName":"Frontend Crypto - isEncrypted should reject JSON strings","status":"passed","title":"should reject JSON strings","duration":0.07447200000024168,"failureMessages":[],"meta":{}},{"ancestorTitles":["Frontend Crypto - isEncrypted"],"fullName":"Frontend Crypto - isEncrypted should reject null/undefined","status":"passed","title":"should reject null/undefined","duration":0.07987300000058895,"failureMessages":[],"meta":{}},{"ancestorTitles":["Frontend Crypto - isEncrypted"],"fullName":"Frontend Crypto - isEncrypted should reject empty string","status":"passed","title":"should reject empty string","duration":0.06148699999994278,"failureMessages":[],"meta":{}},{"ancestorTitles":["Frontend Crypto - isEncrypted"],"fullName":"Frontend Crypto - isEncrypted should reject v1/v2 format","status":"passed","title":"should reject v1/v2 format","duration":0.1424220000008063,"failureMessages":[],"meta":{}},{"ancestorTitles":["Frontend Crypto - parseSensitiveField"],"fullName":"Frontend Crypto - parseSensitiveField should return default for null/undefined","status":"passed","title":"should return defaul
[...]
   \u001b[36m>\u001b[39m\n          \u001b[36m<div\u001b[39m\n            \u001b[33mclass\u001b[39m=\u001b[32m\"group\"\u001b[39m\n          \u001b[36m>\u001b[39m\n            \u001b[36m<div\u001b[39m\n              \u001b[33manimate\u001b[39m=\u001b[32m\"[object Object]\"\u001b[39m\n              \u001b[33mclass\u001b[39m=\u001b[32m\"relative rounded-xl border transition-all duration-200 border-stone-100 bg-white hover:border-amber-200 hover:bg-stone-50/40\"\u001b[39m\n              \u001b[33mdata-testid\u001b[39m=\u001b[32m\"motion-div\"\u001b[39m\n              \u001b[33minitial\u001b[39m=\u001b[32m\"[object Object]\"\u001b[39m\n            \u001b[36m>\u001b[39m\n              \u001b[36m<div\u001b[39m\n                \u001b[33mclass\u001b[39m=\u001b[32m\"px-4 py-2.5 flex items-center justify-between cursor-pointer\"\u001b[39m\n              \u001b[36m>\u001b[39m\n                \u001b[36m<div\u001b[39m\n                  \u001b[33mclass\u001b[39m=\u001b[32m\"flex items-center gap-4\"\u001b[39m\n                \u001b[36m>\u001b[39m\n                  \u001b[36m<div\u001b[39m\n                    \u001b[33mclass\u001b[39m=\u001b[32m\"flex flex-col\"\u001b[39m\n                  \u001b[36m>\u001b[39m\n                    \u001b[36m<div\u001b[39m\n                      \u001b[33mclass\u001b[39m=\u001b[32m\"flex items-center gap-2\"\u001b[39m\n                    \u001b[36m>\u001b[39m\n                      \u001b[36m<span\u001b[39m\n                        \u001b[33mclass\u001b[39m=\u001b[32m\"text-[13px] font-mono font-bold text-amber-700\"\u001b[39m\n                      \u001b[36m>\u001b[39m\n                        \u001b[0m12:00\u001b[0m\n                      \u001b[36m</span>\u001b[39m\n                      \u001b[36m<span\u001b[39m\n                        \u001b[33mclass\u001b[39m=\u001b[32m\"bg-amber-100 text-amber-700 text-[8px] font-black px-1.5 py-0.5 rounded flex items-center gap-0.5\"\u001b[39m\n              ...\n    at Object.getElementError (/home/ashoksainiengineer/Desktop/anti-gravity/ai-pandit/node_modules/@testing-library/dom/dist/config.js:37:19)\n    at /home/ashoksainiengineer/Desktop/anti-gravity/ai-pandit/node_modules/@testing-library/dom/dist/query-helpers.js:76:38\n    at /home/ashoksainiengineer/Desktop/anti-gravity/ai-pandit/node_modules/@testing-library/dom/dist/query-helpers.js:52:17\n    at /home/ashoksainiengineer/Desktop/anti-gravity/ai-pandit/node_modules/@testing-library/dom/dist/query-helpers.js:95:19\n    at /home/ashoksainiengineer/Desktop/anti-gravity/ai-pandit/apps/web/components/rectify/analysis/__tests__/StageLeaderboard.test.tsx:96:23\n    at file:///home/ashoksainiengineer/Desktop/anti-gravity/ai-pandit/apps/web/node_modules/@vitest/runner/dist/index.js:145:11\n    at file:///home/ashoksainiengineer/Desktop/anti-gravity/ai-pandit/apps/web/node_modules/@vitest/runner/dist/index.js:915:26\n    at file:///home/ashoksainiengineer/Desktop/anti-gravity/ai-pandit/apps/web/node_modules/@vitest/runner/dist/index.js:1243:20\n    at new Promise (<anonymous>)\n    at runWithTimeout (file:///home/ashoksainiengineer/Desktop/anti-gravity/ai-pandit/apps/web/node_modules/@vitest/runner/dist/index.js:1209:10)","TestingLibraryElementError: Unable to find an element with the text: Stage 2 Candidates. This could be because the text is broken up by multiple elements. In this case, you can provide a function for your text matcher to make your matcher more flexible.\n\nIgnored nodes: comments, script, style\n\u001b[36m<body>\u001b[39m\n  \u001b[36m<div>\u001b[39m\n    \u001b[36m<div\u001b[39m\n      \u001b[33manimate\u001b[39m=\u001b[32m\"[object Object]\"\u001b[39m\n      \u001b[33mclass\u001b[39m=\u001b[32m\"mt-6 rounded-2xl border overflow-hidden transition-all duration-500 shadow-sm border-amber-200 bg-white ring-1 ring-amber-100/50\"\u001b[39m\n      \u001b[33mdata-testid\u001b[39m=\u001b[32m\"motion-div\"\u001b[39m\n      \u001b[33minitial\u001b[39m=\u001b[32m\"[object Object]\"\u001b[39m\n    \u001b[36m>\u001b[39m\n      \u001b[36m<div\u001b[39m\n        \u001b[33mclass\u001b[39m=\u001b[32m\"px-5 py-3.5 flex items-center justify-between border-b bg-amber-50/50 border-amber-200/40\"\u001b[39m\n      \u001b[36m>\u001b[39m\n        \u001b[36m<div\u001b[39m\n          \u001b[33mclass\u001b[39m=\u001b[32m\"flex items-center gap-3\"\u001b[39m\n        \u001b[36m>\u001b[39m\n          \u001b[36m<div\u001b[39m\n            \u001b[33mclass\u001b[39m=\u001b[32m\"w-8 h-8 rounded-lg flex items-center justify-center border bg-white border-amber-200 shadow-sm\"\u001b[39m\n          \u001b[36m>\u001b[39m\n            \u001b[36m<svg\u001b[39m\n              \u001b[33mclass\u001b[39m=\u001b[32m\"lucide lucide-trophy w-4 h-4 text-amber-600\"\u001b[39m\n              \u001b[33mfill\u001b[39m=\u001b[32m\"none\"\u001b[39m\n              \u001b[33mheight\u001b[39m=\u001b[32m\"24\"\u001b[39m\n              \u001b[33mstroke\u001b[39m=\u001b[32m\"currentColor\"\u001b[39m\n              \u001b[33mstroke-linecap\u001b[39m=\u001b[32m\"round\"\u001b[39m\n              \u001b[33mstroke-linejoin\u001b[39m=\u001b[32m\"round\"\u001b[39m\n              \u001b[33mstroke-width\u001b[39m=\u001b[32m\"2\"\u001b[39m\n              \u001b[33mviewBox\u001b[39m=\u001b[32m\"0 0 24 24\"\u001b[39m\n              \u001b[33mwidth\u001b[39m=\u001b[32m\"24\"\u001b[39m\n              \u001b[33mxmlns\u001b[39m=\u001b[32m\"http://www.w3.org/2000/svg\"\u001b[39m\n            \u001b[36m>\u001b[39m\n              \u001b[36m<path\u001b[39m\n                \u001b[33md\u001b[39m=\u001b[32m\"M6 9H4.5a2.5 2.5 0 0 1 0-5H6\"\u001b[39m\n              \u001b[36m/>\u001b[39m\n              \u001b[36m<path\u001b[39m\n                \u001b[33md\u001b[39m=\u001b[32m\"M18 9h1.5a2.5 2.5 0 0 0 0-5H18\"\u001b[39m\n              \u001b[36m/>\u001b[39m\n              \u001b[36m<path\u001b[39m\n                \u001b[33md\u001b[39m=\u001b[32m\"M4 22h16\"\u001b[39m\n              \u001b[36m/>\u001b[39m\n              \u001b[36m<path\u001b[39m\n                \u001b[33md\u001b[39m=\u001b[32m\"M10 14.66V17c0 .55-.47.98-.97 1.21C7.85 18.75 7 20.24 7 22\"\u001b[39m\n              \u001b[36m/>\u001b[39m\n              \u001b[36m<path\u001b[39m\n                \u001b[33md\u001b[39m=\u001b[32m\"M14 14.66V17c0 .55.47.98.97 1.21C16.15 18.75 17 20.24 17 22\"\u001b[39m\n              \u001b[36m/>\u001b[39m\n              \u001b[36m<path\u001b[39m\n                \u001b[33md\u001b[39m=\u001b[32m\"M18 2H6v7a6 6 0 0 0 12 0V2Z\"\u001b[39m\n              \u001b[36m/>\u001b[39m\n            \u001b[36m</svg>\u001b[39m\n          \u001b[36m</div>\u001b[39m\n          \u001b[36m<div>\u001b[39m\n            \u001b[36m<h3\u001b[39m\n              \u001b[33mclass\u001b[39m=\u001b[32m\"text-[11px] font-bold uppercase tracking-wider text-amber-800\"\u001b[39m\n            \u001b[36m>\u001b[39m\n              \u001b[0mAmsha-Varga Elimination: The first primary filtering phase\u001b[0m\n            \u001b[36m</h3>\u001b[39m\n            \u001b[36m<p\u001b[39m\n              \u001b[33mclass\u001b[39m=\u001b[32m\"text-[9px] text-stone-400 font-medium\"\u001b[39m\n            \u001b[36m>\u001b[39m\n              \u001b[0m5\u001b[0m\n              \u001b[0m candidates scored\u001b[0m\n            \u001b[36m</p>\u001b[39m\n          \u001b[36m</div>\u001b[39m\n        \u001b[36m</div>\u001b[39m\n        \u001b[36m<div\u001b[39m\n          \u001b[33mclass\u001b[39m=\u001b[32m\"flex items-center gap-4\"\u001b[39m\n        \u001b[36m>\u001b[39m\n          \u001b[36m<div\u001b[39m\n            \u001b[33mclass\u001b[39m=\u001b[32m\"flex items-center bg-stone-100 rounded-xl p-1 border border-stone-200\"\u001b[39m\n          \u001b[36m>\u001b[39m\n            \u001b[36m<button\u001b[39m\n              \u001b[33mclass\u001b[39m=\u001b[32m\"px-3 py-1.5 text-[10px] font-black rounded-lg transition-all flex items-center gap-1.5 bg-amber-600 text-white shadow-md scale-105 z-10\"\u001b[39m\n            \u001b[36m>\u001b[39m\n              \u001b[0mS\u001b[0m\n              \u001b[0m2\u001b[0m\n              \u001b[36m<span\u001b[39m\n                \u001b[33mclass\u001b[39m=\u001b[32m\"text-[8px] font-mono text-amber-100\"\u001b[39m\n              \u001b[36m>\u001b[39m\n                \u001b[0m(\u001b[0m\n                \u001b[0m5\u001b[0m\n                \u001b[0m)\u001b[0m\n              \u001b[36m</span>\u001b[39m\n            \u001b[36m</button>\u001b[39m\n            \u001b[36m<button\u001b[39m\n              \u001b[33mclass\u001b[39m=\u001b[32m\"px-3 py-1.5 text-[10px] font-black rounded-lg transition-all flex items-center gap-1.5 text-stone-300 cursor-not-allowed opacity-50\"\u001b[39m\n              \u001b[33mdisabled\u001b[39m=\u001b[32m\"\"\u001b[39m\n            \u001b[36m>\u001b[39m\n              \u001b[0mS\u001b[0m\n              \u001b[0m4\u001b[0m\n            \u001b[36m</button>\u001b[39m\n            \u001b[36m<button\u001b[39m\n              \u001b[33mclass\u001b[39m=\u001b[32m\"px-3 py-1.5 text-[10px] font-black rounded-lg transition-all flex items-center gap-1.5 text-stone-300 cursor-not-allowed opacity-50\"\u001b[39m\n              \u001b[33mdisabled\u001b[39m=\u001b[32m\"\"\u001b[39m\n            \u001b[36m>\u001b[39m\n              \u001b[0mS\u001b[0m\n              \u001b[0m6\u001b[0m\n            \u001b[36m</button>\u001b[39m\n          \u001b[36m</div>\u001b[39m\n          \u001b[36m<span\u001b[39m\n            \u001b[33mclass\u001b[39m=\u001b[32m\"text-[10px] font-mono font-bold text-stone-500 px-2 py-1 bg-white border border-stone-100 rounded-md\"\u001b[39m\n          \u001b[36m>\u001b[39m\n            \u001b[0m5\u001b[0m\n            \u001b[0m UNITS\u001b[0m\n          \u001b[36m</span>\u001b[39m\n        \u001b[36m</div>\u001b[39m\n      \u001b[36m</div>\u001b[39m\n      \u001b[36m<div\u001b[39m\n        \u001b[33mclass\u001b[39m=\u001b[32m\"px-5 py-2 border-b border-stone-50 bg-[#FAF8F5]/30\"\u001b[39m\n      \u001b[36m>\u001b[39m\n        \u001b[36m<input\u001b[39m\n          \u001b[33mclass\u001b[39m=\u001b[32m\"w-full px-3 py-1.5 text-xs bg-white border border-stone-200 rounded-lg focus:ring-2 focus:ring-amber-200/50 outline-none transition-all\"\u001b[39m\n          \u001b[33mplaceholder\u001b[39m=\u001b[32m\"Search candidate time or ascendant...\"\u001b[39m\n          \u001b[33mtype\u001b[39m=\u001b[32m\"text\"\u001b[39m\n          \u001b[33mvalue\u001b[39m=\u001b[32m\"\"\u001b[39m\n        \u001b[36m/>\u001b[39m\n      \u001b[36m</div>\u001b[39m\n      \u001b[36m<div\u001b[39m\n        \u001b[33mclass\u001b[39m=\u001b[32m\"max-h-[450px] overflow-y-auto custom-scrollbar bg-white\"\u001b[39m\n      \u001b[36m>\u001b[39m\n        \u001b[36m<div\u001b[39m\n          \u001b[33mclass\u001b[39m=\u001b[32m\"p-2 space-y-1.5\"\u001b[39m\n        \u001b[36m>\u001b[39m\n          \u001b[36m<div\u001b[39m\n            \u001b[33mclass\u001b[39m=\u001b[32m\"group\"\u001b[39m\n          \u001b[36m>\u001b[39m\n            \u001b[36m<div\u001b[39m\n              \u001b[33manimate\u001b[39m=\u001b[32m\"[object Object]\"\u001b[39m\n              \u001b[33mclass\u001b[39m=\u001b[32m\"relative rounded-xl border transition-all duration-200 border-stone-100 bg-white hover:border-amber-200 hover:bg-stone-50/40\"\u001b[39m\n              \u001b[33mdata-testid\u001b[39m=\u001b[32m\"motion-div\"\u001b[39m\n              \u001b[33minitial\u001b[39m=\u001b[32m\"[object Object]\"\u001b[39m\n            \u001b[36m>\u001b[39m\n              \u001b[36m<div\u001b[39m\n                \u001b[33mclass\u001b[39m=\u001b[32m\"px-4 py-2.5 flex items-center justify-between cursor-pointer\"\u001b[39m\n              \u001b[36m>\u001b[39m\n                \u001b[36m<div\u001b[39m\n                  \u001b[33mclass\u001b[39m=\u001b[32m\"flex items-center gap-4\"\u001b[39m\n                \u001b[36m>\u001b[39m\n                  \u001b[36m<div\u001b[39m\n                    \u001b[33mclass\u001b[39m=\u001b[32m\"flex flex-col\"\u001b[39m\n                  \u001b[36m>\u001b[39m\n                    \u001b[36m<div\u001b[39m\n                      \u001b[33mclass\u001b[39m=\u001b[32m\"flex items-center gap-2\"\u001b[39m\n                    \u001b[36m>\u001b[39m\n                      \u001b[36m<span\u001b[39m\n                        \u001b[33mclass\u001b[39m=\u001b[32m\"text-[13px] font-mono font-bold text-amber-700\"\u001b[39m\n                      \u001b[36m>\u001b[39m\n                        \u001b[0m12:00\u001b[0m\n                      \u001b[36m</span>\u001b[39m\n                      \u001b[36m<span\u001b[39m\n                        \u001b[33mclass\u001b[39m=\u001b[32m\"bg-amber-100 text-amber-700 text-[8px] font-black px-1.5 py-0.5 rounded flex items-center gap-0.5\"\u001b[39m\n              ...\n    at Object.getElementError (/home/ashoksainiengineer/Desktop/anti-gravity/ai-pandit/node_modules/@testing-library/dom/dist/config.js:37:19)\n    at /home/ashoksainiengineer/Desktop/anti-gravity/ai-pandit/node_modules/@testing-library/dom/dist/query-helpers.js:76:38\n    at /home/ashoksainiengineer/Desktop/anti-gravity/ai-pandit/node_modules/@testing-library/dom/dist/query-helpers.js:52:17\n    at /home/ashoksainiengineer/Desktop/anti-gravity/ai-pandit/node_modules/@testing-library/dom/dist/query-helpers.js:95:19\n    at /home/ashoksainiengineer/Desktop/anti-gravity/ai-pandit/apps/web/components/rectify/analysis/__tests__/StageLeaderboard.test.tsx:96:23\n    at file:///home/ashoksainiengineer/Desktop/anti-gravity/ai-pandit/apps/web/node_modules/@vitest/runner/dist/index.js:145:11\n    at file:///home/ashoksainiengineer/Desktop/anti-gravity/ai-pandit/apps/web/node_modules/@vitest/runner/dist/index.js:915:26\n    at file:///home/ashoksainiengineer/Desktop/anti-gravity/ai-pandit/apps/web/node_modules/@vitest/runner/dist/index.js:1243:20\n    at new Promise (<anonymous>)\n    at runWithTimeout (file:///home/ashoksainiengineer/Desktop/anti-gravity/ai-pandit/apps/web/node_modules/@vitest/runner/dist/index.js:1209:10)"],"meta":{}},{"ancestorTitles":["StageLeaderboard (Heavy Testing)"],"fullName":"StageLeaderboard (Heavy Testing) calls fetchCandidateEphemeris when a candidate is expanded","status":"passed","title":"calls fetchCandidateEphemeris when a candidate is expanded","duration":121.59093200000007,"failureMessages":[],"meta":{}},{"ancestorTitles":["StageLeaderboard (Heavy Testing)"],"fullName":"StageLeaderboard (Heavy Testing) returns null if no data for non-initial stage","status":"passed","title":"returns null if no data for non-initial stage","duration":3.35168399999975,"failureMessages":[],"meta":{}},{"ancestorTitles":["StageLeaderboard (Heavy Testing)"],"fullName":"StageLeaderboard (Heavy Testing) shows generating grid basis for Stage 1 if empty","status":"failed","title":"shows generating grid basis for Stage 1 if empty","duration":10.196541000000252,"failureMessages":["TestingLibraryElementError: Unable to find an element with the text: Generating Grid Basis.... This could be because the text is broken up by multiple elements. In this case, you can provide a function for your text matcher to make your matcher more flexible.\n\nIgnored nodes: comments, script, style\n\u001b[36m<body>\u001b[39m\n  \u001b[36m<div />\u001b[39m\n\u001b[36m</body>\u001b[39m\n    at Object.getElementError (/home/ashoksainiengineer/Desktop/anti-gravity/ai-pandit/node_modules/@testing-library/dom/dist/config.js:37:19)\n    at /home/ashoksainiengineer/Desktop/anti-gravity/ai-pandit/node_modules/@testing-library/dom/dist/query-helpers.js:76:38\n    at /home/ashoksainiengineer/Desktop/anti-gravity/ai-pandit/node_modules/@testing-library/dom/dist/query-helpers.js:52:17\n    at /home/ashoksainiengineer/Desktop/anti-gravity/ai-pandit/node_modules/@testing-library/dom/dist/query-helpers.js:95:19\n    at /home/ashoksainiengineer/Desktop/anti-gravity/ai-pandit/apps/web/components/rectify/analysis/__tests__/StageLeaderboard.test.tsx:121:23\n    at file:///home/ashoksainiengineer/Desktop/anti-gravity/ai-pandit/apps/web/node_modules/@vitest/runner/dist/index.js:145:11\n    at file:///home/ashoksainiengineer/Desktop/anti-gravity/ai-pandit/apps/web/node_modules/@vitest/runner/dist/index.js:915:26\n    at file:///home/ashoksainiengineer/Desktop/anti-gravity/ai-pandit/apps/web/node_modules/@vitest/runner/dist/index.js:1243:20\n    at new Promise (<anonymous>)\n    at runWithTimeout (file:///home/ashoksainiengineer/Desktop/anti-gravity/ai-pandit/apps/web/node_modules/@vitest/runner/dist/index.js:1209:10)","TestingLibraryElementError: Unable to find an element with the text: Generating Grid Basis.... This could be because the text is broken up by multiple elements. In this case, you can provide a function for your text matcher to make your matcher more flexible.\n\nIgnored nodes: comments, script, style\n\u001b[36m<body>\u001b[39m\n  \u001b[36m<div />\u001b[39m\n\u001b[36m</body>\u001b[39m\n    at Object.getElementError (/home/ashoksainiengineer/Desktop/anti-gravity/ai-pandit/node_modules/@testing-library/dom/dist/config.js:37:19)\n    at /home/ashoksainiengineer/Desktop/anti-gravity/ai-pandit/node_modules/@testing-library/dom/dist/query-helpers.js:76:38\n    at /home/ashoksainiengineer/Desktop/anti-gravity/ai-pandit/node_modules/@testing-library/dom/dist/query-helpers.js:52:17\n    at /home/ashoksainiengineer/Desktop/anti-gravity/ai-pandit/node_modules/@testing-library/dom/dist/query-helpers.js:95:19\n    at /home/ashoksainiengineer/Desktop/anti-gravity/ai-pandit/apps/web/components/rectify/analysis/__tests__/StageLeaderboard.test.tsx:121:23\n    at file:///home/ashoksainiengineer/Desktop/anti-gravity/ai-pandit/apps/web/node_modules/@vitest/runner/dist/index.js:145:11\n    at file:///home/ashoksainiengineer/Desktop/anti-gravity/ai-pandit/apps/web/node_modules/@vitest/runner/dist/index.js:915:26\n    at file:///home/ashoksainiengineer/Desktop/anti-gravity/ai-pandit/apps/web/node_modules/@vitest/runner/dist/index.js:1243:20\n    at new Promise (<anonymous>)\n    at runWithTimeout (file:///home/ashoksainiengineer/Desktop/anti-gravity/ai-pandit/apps/web/node_modules/@vitest/runner/dist/index.js:1209:10)","TestingLibraryElementError: Unable to find an element with the text: Generating Grid Basis.... This could be because the text is broken up by multiple elements. In this case, you can provide a function for your text matcher to make your matcher more flexible.\n\nIgnored nodes: comments, script, style\n\u001b[36m<body>\u001b[39m\n  \u001b[36m<div />\u001b[39m\n\u001b[36m</body>\u001b[39m\n    at Object.getElementError (/home/ashoksainiengineer/Desktop/anti-gravity/ai-pandit/node_modules/@testing-library/dom/dist/config.js:37:19)\n    at /home/ashoksainiengineer/Desktop/anti-gravity/ai-pandit/node_modules/@testing-library/dom/dist/query-helpers.js:76:38\n    at /home/ashoksainiengineer/Desktop/anti-gravity/ai-pandit/node_modules/@testing-library/dom/dist/query-helpers.js:52:17\n    at /home/ashoksainiengineer/Desktop/anti-gravity/ai-pandit/node_modules/@testing-library/dom/dist/query-helpers.js:95:19\n    at /home/ashoksainiengineer/Desktop/anti-gravity/ai-pandit/apps/web/components/rectify/analysis/__tests__/StageLeaderboard.test.tsx:121:23\n    at file:///home/ashoksainiengineer/Desktop/anti-gravity/ai-pandit/apps/web/node_modules/@vitest/runner/dist/index.js:145:11\n    at file:///home/ashoksainiengineer/Desktop/anti-gravity/ai-pandit/apps/web/node_modules/@vitest/runner/dist/index.js:915:26\n    at file:///home/ashoksainiengineer/Desktop/anti-gravity/ai-pandit/apps/web/node_modules/@vitest/runner/dist/index.js:1243:20\n    at new Promise (<anonymous>)\n    at runWithTimeout (file:///home/ashoksainiengineer/Desktop/anti-gravity/ai-pandit/apps/web/node_modules/@vitest/runner/dist/index.js:1209:10)"],"meta":{}}],"startTime":1772708485671,"endTime":1772708486792.1965,"status":"failed","message":"","name":"/home/ashoksainiengineer/Desktop/anti-gravity/ai-pandit/apps/web/components/rectify/analysis/__tests__/StageLeaderboard.test.tsx"}]}
